<?xml version="1.0" encoding="UTF-8"?>
<testsuite xmlns:xsi="http://www.w3.org/2001/XMLSchema-instance" xsi:noNamespaceSchemaLocation="https://maven.apache.org/surefire/maven-surefire-plugin/xsd/surefire-test-report.xsd" name="eu.europa.ec.fisheries.uvms.mobileterminal.model.validator.PollDataSourceRequestValidatorTest" time="0.185" tests="8" errors="0" skipped="0" failures="0">
  <properties>
    <property name="gopherProxySet" value="false"/>
    <property name="awt.toolkit" value="sun.lwawt.macosx.LWCToolkit"/>
    <property name="java.specification.version" value="11"/>
    <property name="sun.cpu.isalist" value=""/>
    <property name="sonar.login" value="20841dd696f9ecf58e4a416eb952c4772cf7ffa6"/>
    <property name="sonar.host.url" value="http://localhost:8000"/>
    <property name="sun.jnu.encoding" value="UTF-8"/>
    <property name="java.class.path" value="/Users/suzanatrajcevska/UVMS-AssetModule-APP/model/target/test-classes:/Users/suzanatrajcevska/UVMS-AssetModule-APP/model/target/classes:/Users/suzanatrajcevska/.m2/repository/jakarta/xml/ws/jakarta.xml.ws-api/2.3.3/jakarta.xml.ws-api-2.3.3.jar:/Users/suzanatrajcevska/.m2/repository/jakarta/activation/jakarta.activation-api/1.2.2/jakarta.activation-api-1.2.2.jar:/Users/suzanatrajcevska/.m2/repository/org/apache/commons/commons-lang3/3.12.0/commons-lang3-3.12.0.jar:/Users/suzanatrajcevska/.m2/repository/junit/junit/4.12/junit-4.12.jar:/Users/suzanatrajcevska/.m2/repository/org/hamcrest/hamcrest-core/1.3/hamcrest-core-1.3.jar:/Users/suzanatrajcevska/.m2/repository/org/mockito/mockito-core/3.1.0/mockito-core-3.1.0.jar:/Users/suzanatrajcevska/.m2/repository/net/bytebuddy/byte-buddy-agent/1.9.10/byte-buddy-agent-1.9.10.jar:/Users/suzanatrajcevska/.m2/repository/org/objenesis/objenesis/2.6/objenesis-2.6.jar:/Users/suzanatrajcevska/.m2/repository/org/powermock/powermock-module-junit4/2.0.4/powermock-module-junit4-2.0.4.jar:/Users/suzanatrajcevska/.m2/repository/org/powermock/powermock-module-junit4-common/2.0.4/powermock-module-junit4-common-2.0.4.jar:/Users/suzanatrajcevska/.m2/repository/org/powermock/powermock-reflect/2.0.4/powermock-reflect-2.0.4.jar:/Users/suzanatrajcevska/.m2/repository/org/powermock/powermock-core/2.0.4/powermock-core-2.0.4.jar:/Users/suzanatrajcevska/.m2/repository/org/javassist/javassist/3.25.0-GA/javassist-3.25.0-GA.jar:/Users/suzanatrajcevska/.m2/repository/org/powermock/powermock-api-mockito2/2.0.4/powermock-api-mockito2-2.0.4.jar:/Users/suzanatrajcevska/.m2/repository/org/powermock/powermock-api-support/2.0.4/powermock-api-support-2.0.4.jar:/Users/suzanatrajcevska/.m2/repository/net/bytebuddy/byte-buddy/1.10.2/byte-buddy-1.10.2.jar:/Users/suzanatrajcevska/.m2/repository/com/tocea/easycoverage/easyCoverage4J-junit/2.3.1/easyCoverage4J-junit-2.3.1.jar:/Users/suzanatrajcevska/.m2/repository/com/tocea/easycoverage/easyCoverage4J-framework/2.3.1/easyCoverage4J-framework-2.3.1.jar:/Users/suzanatrajcevska/.m2/repository/com/tocea/easycoverage/easyCoverage4J-annotations/2.3.1/easyCoverage4J-annotations-2.3.1.jar:/Users/suzanatrajcevska/.m2/repository/org/databene/contiperf/2.4.4/contiperf-2.4.4.jar:/Users/suzanatrajcevska/.m2/repository/org/slf4j/slf4j-simple/1.7.30/slf4j-simple-1.7.30.jar:/Users/suzanatrajcevska/.m2/repository/org/apache/activemq/activemq-client/5.16.3/activemq-client-5.16.3.jar:/Users/suzanatrajcevska/.m2/repository/org/apache/geronimo/specs/geronimo-jms_1.1_spec/1.1.1/geronimo-jms_1.1_spec-1.1.1.jar:/Users/suzanatrajcevska/.m2/repository/org/fusesource/hawtbuf/hawtbuf/1.11/hawtbuf-1.11.jar:/Users/suzanatrajcevska/.m2/repository/org/apache/geronimo/specs/geronimo-j2ee-management_1.1_spec/1.0.1/geronimo-j2ee-management_1.1_spec-1.0.1.jar:/Users/suzanatrajcevska/.m2/repository/com/sun/xml/ws/jaxws-rt/2.3.3/jaxws-rt-2.3.3.jar:/Users/suzanatrajcevska/.m2/repository/com/sun/xml/ws/policy/2.7.10/policy-2.7.10.jar:/Users/suzanatrajcevska/.m2/repository/com/sun/xml/bind/jaxb-impl/2.3.3/jaxb-impl-2.3.3.jar:/Users/suzanatrajcevska/.m2/repository/org/glassfish/ha/ha-api/3.1.12/ha-api-3.1.12.jar:/Users/suzanatrajcevska/.m2/repository/org/glassfish/external/management-api/3.2.2/management-api-3.2.2.jar:/Users/suzanatrajcevska/.m2/repository/org/glassfish/gmbal/gmbal/4.0.1/gmbal-4.0.1.jar:/Users/suzanatrajcevska/.m2/repository/org/glassfish/pfl/pfl-tf/4.1.0/pfl-tf-4.1.0.jar:/Users/suzanatrajcevska/.m2/repository/org/glassfish/pfl/pfl-basic/4.1.0/pfl-basic-4.1.0.jar:/Users/suzanatrajcevska/.m2/repository/org/jvnet/staxex/stax-ex/1.8.3/stax-ex-1.8.3.jar:/Users/suzanatrajcevska/.m2/repository/com/sun/xml/stream/buffer/streambuffer/1.5.9/streambuffer-1.5.9.jar:/Users/suzanatrajcevska/.m2/repository/org/jvnet/mimepull/mimepull/1.9.13/mimepull-1.9.13.jar:/Users/suzanatrajcevska/.m2/repository/com/sun/xml/fastinfoset/FastInfoset/1.2.18/FastInfoset-1.2.18.jar:/Users/suzanatrajcevska/.m2/repository/com/sun/activation/jakarta.activation/1.2.2/jakarta.activation-1.2.2.jar:/Users/suzanatrajcevska/.m2/repository/com/sun/xml/messaging/saaj/saaj-impl/1.5.2/saaj-impl-1.5.2.jar:/Users/suzanatrajcevska/.m2/repository/com/fasterxml/woodstox/woodstox-core/5.1.0/woodstox-core-5.1.0.jar:/Users/suzanatrajcevska/.m2/repository/org/codehaus/woodstox/stax2-api/4.1/stax2-api-4.1.jar:/Users/suzanatrajcevska/.m2/repository/jakarta/xml/bind/jakarta.xml.bind-api/2.3.3/jakarta.xml.bind-api-2.3.3.jar:/Users/suzanatrajcevska/.m2/repository/jakarta/xml/soap/jakarta.xml.soap-api/1.4.2/jakarta.xml.soap-api-1.4.2.jar:/Users/suzanatrajcevska/.m2/repository/jakarta/jws/jakarta.jws-api/2.1.0/jakarta.jws-api-2.1.0.jar:/Users/suzanatrajcevska/.m2/repository/jakarta/annotation/jakarta.annotation-api/1.3.5/jakarta.annotation-api-1.3.5.jar:/Users/suzanatrajcevska/.m2/repository/jakarta/platform/jakarta.jakartaee-api/8.0.0/jakarta.jakartaee-api-8.0.0.jar:/Users/suzanatrajcevska/.m2/repository/org/slf4j/slf4j-api/1.7.30/slf4j-api-1.7.30.jar:"/>
    <property name="java.vm.vendor" value="AdoptOpenJDK"/>
    <property name="sun.arch.data.model" value="64"/>
    <property name="java.vendor.url" value="https://adoptopenjdk.net/"/>
    <property name="user.timezone" value=""/>
    <property name="java.vm.specification.version" value="11"/>
    <property name="os.name" value="Mac OS X"/>
    <property name="sun.java.launcher" value="SUN_STANDARD"/>
    <property name="user.country" value="SE"/>
    <property name="sun.boot.library.path" value="/Library/Java/JavaVirtualMachines/adoptopenjdk-11.jdk/Contents/Home/lib"/>
    <property name="sun.java.command" value="/Users/suzanatrajcevska/UVMS-AssetModule-APP/model/target/surefire/surefirebooter1451822416131407576.jar /Users/suzanatrajcevska/UVMS-AssetModule-APP/model/target/surefire 2021-09-03T12-28-48_660-jvmRun1 surefire7178891563955422416tmp surefire_06034006293302481481tmp"/>
    <property name="http.nonProxyHosts" value="local|*.local|169.254/16|*.169.254/16"/>
    <property name="jdk.debug" value="release"/>
    <property name="surefire.test.class.path" value="/Users/suzanatrajcevska/UVMS-AssetModule-APP/model/target/test-classes:/Users/suzanatrajcevska/UVMS-AssetModule-APP/model/target/classes:/Users/suzanatrajcevska/.m2/repository/jakarta/xml/ws/jakarta.xml.ws-api/2.3.3/jakarta.xml.ws-api-2.3.3.jar:/Users/suzanatrajcevska/.m2/repository/jakarta/activation/jakarta.activation-api/1.2.2/jakarta.activation-api-1.2.2.jar:/Users/suzanatrajcevska/.m2/repository/org/apache/commons/commons-lang3/3.12.0/commons-lang3-3.12.0.jar:/Users/suzanatrajcevska/.m2/repository/junit/junit/4.12/junit-4.12.jar:/Users/suzanatrajcevska/.m2/repository/org/hamcrest/hamcrest-core/1.3/hamcrest-core-1.3.jar:/Users/suzanatrajcevska/.m2/repository/org/mockito/mockito-core/3.1.0/mockito-core-3.1.0.jar:/Users/suzanatrajcevska/.m2/repository/net/bytebuddy/byte-buddy-agent/1.9.10/byte-buddy-agent-1.9.10.jar:/Users/suzanatrajcevska/.m2/repository/org/objenesis/objenesis/2.6/objenesis-2.6.jar:/Users/suzanatrajcevska/.m2/repository/org/powermock/powermock-module-junit4/2.0.4/powermock-module-junit4-2.0.4.jar:/Users/suzanatrajcevska/.m2/repository/org/powermock/powermock-module-junit4-common/2.0.4/powermock-module-junit4-common-2.0.4.jar:/Users/suzanatrajcevska/.m2/repository/org/powermock/powermock-reflect/2.0.4/powermock-reflect-2.0.4.jar:/Users/suzanatrajcevska/.m2/repository/org/powermock/powermock-core/2.0.4/powermock-core-2.0.4.jar:/Users/suzanatrajcevska/.m2/repository/org/javassist/javassist/3.25.0-GA/javassist-3.25.0-GA.jar:/Users/suzanatrajcevska/.m2/repository/org/powermock/powermock-api-mockito2/2.0.4/powermock-api-mockito2-2.0.4.jar:/Users/suzanatrajcevska/.m2/repository/org/powermock/powermock-api-support/2.0.4/powermock-api-support-2.0.4.jar:/Users/suzanatrajcevska/.m2/repository/net/bytebuddy/byte-buddy/1.10.2/byte-buddy-1.10.2.jar:/Users/suzanatrajcevska/.m2/repository/com/tocea/easycoverage/easyCoverage4J-junit/2.3.1/easyCoverage4J-junit-2.3.1.jar:/Users/suzanatrajcevska/.m2/repository/com/tocea/easycoverage/easyCoverage4J-framework/2.3.1/easyCoverage4J-framework-2.3.1.jar:/Users/suzanatrajcevska/.m2/repository/com/tocea/easycoverage/easyCoverage4J-annotations/2.3.1/easyCoverage4J-annotations-2.3.1.jar:/Users/suzanatrajcevska/.m2/repository/org/databene/contiperf/2.4.4/contiperf-2.4.4.jar:/Users/suzanatrajcevska/.m2/repository/org/slf4j/slf4j-simple/1.7.30/slf4j-simple-1.7.30.jar:/Users/suzanatrajcevska/.m2/repository/org/apache/activemq/activemq-client/5.16.3/activemq-client-5.16.3.jar:/Users/suzanatrajcevska/.m2/repository/org/apache/geronimo/specs/geronimo-jms_1.1_spec/1.1.1/geronimo-jms_1.1_spec-1.1.1.jar:/Users/suzanatrajcevska/.m2/repository/org/fusesource/hawtbuf/hawtbuf/1.11/hawtbuf-1.11.jar:/Users/suzanatrajcevska/.m2/repository/org/apache/geronimo/specs/geronimo-j2ee-management_1.1_spec/1.0.1/geronimo-j2ee-management_1.1_spec-1.0.1.jar:/Users/suzanatrajcevska/.m2/repository/com/sun/xml/ws/jaxws-rt/2.3.3/jaxws-rt-2.3.3.jar:/Users/suzanatrajcevska/.m2/repository/com/sun/xml/ws/policy/2.7.10/policy-2.7.10.jar:/Users/suzanatrajcevska/.m2/repository/com/sun/xml/bind/jaxb-impl/2.3.3/jaxb-impl-2.3.3.jar:/Users/suzanatrajcevska/.m2/repository/org/glassfish/ha/ha-api/3.1.12/ha-api-3.1.12.jar:/Users/suzanatrajcevska/.m2/repository/org/glassfish/external/management-api/3.2.2/management-api-3.2.2.jar:/Users/suzanatrajcevska/.m2/repository/org/glassfish/gmbal/gmbal/4.0.1/gmbal-4.0.1.jar:/Users/suzanatrajcevska/.m2/repository/org/glassfish/pfl/pfl-tf/4.1.0/pfl-tf-4.1.0.jar:/Users/suzanatrajcevska/.m2/repository/org/glassfish/pfl/pfl-basic/4.1.0/pfl-basic-4.1.0.jar:/Users/suzanatrajcevska/.m2/repository/org/jvnet/staxex/stax-ex/1.8.3/stax-ex-1.8.3.jar:/Users/suzanatrajcevska/.m2/repository/com/sun/xml/stream/buffer/streambuffer/1.5.9/streambuffer-1.5.9.jar:/Users/suzanatrajcevska/.m2/repository/org/jvnet/mimepull/mimepull/1.9.13/mimepull-1.9.13.jar:/Users/suzanatrajcevska/.m2/repository/com/sun/xml/fastinfoset/FastInfoset/1.2.18/FastInfoset-1.2.18.jar:/Users/suzanatrajcevska/.m2/repository/com/sun/activation/jakarta.activation/1.2.2/jakarta.activation-1.2.2.jar:/Users/suzanatrajcevska/.m2/repository/com/sun/xml/messaging/saaj/saaj-impl/1.5.2/saaj-impl-1.5.2.jar:/Users/suzanatrajcevska/.m2/repository/com/fasterxml/woodstox/woodstox-core/5.1.0/woodstox-core-5.1.0.jar:/Users/suzanatrajcevska/.m2/repository/org/codehaus/woodstox/stax2-api/4.1/stax2-api-4.1.jar:/Users/suzanatrajcevska/.m2/repository/jakarta/xml/bind/jakarta.xml.bind-api/2.3.3/jakarta.xml.bind-api-2.3.3.jar:/Users/suzanatrajcevska/.m2/repository/jakarta/xml/soap/jakarta.xml.soap-api/1.4.2/jakarta.xml.soap-api-1.4.2.jar:/Users/suzanatrajcevska/.m2/repository/jakarta/jws/jakarta.jws-api/2.1.0/jakarta.jws-api-2.1.0.jar:/Users/suzanatrajcevska/.m2/repository/jakarta/annotation/jakarta.annotation-api/1.3.5/jakarta.annotation-api-1.3.5.jar:/Users/suzanatrajcevska/.m2/repository/jakarta/platform/jakarta.jakartaee-api/8.0.0/jakarta.jakartaee-api-8.0.0.jar:/Users/suzanatrajcevska/.m2/repository/org/slf4j/slf4j-api/1.7.30/slf4j-api-1.7.30.jar:"/>
    <property name="sun.cpu.endian" value="little"/>
    <property name="user.home" value="/Users/suzanatrajcevska"/>
    <property name="user.language" value="sv"/>
    <property name="java.specification.vendor" value="Oracle Corporation"/>
    <property name="java.version.date" value="2020-07-14"/>
    <property name="java.home" value="/Library/Java/JavaVirtualMachines/adoptopenjdk-11.jdk/Contents/Home"/>
    <property name="file.separator" value="/"/>
    <property name="basedir" value="/Users/suzanatrajcevska/UVMS-AssetModule-APP/model"/>
    <property name="java.vm.compressedOopsMode" value="Zero based"/>
    <property name="line.separator" value="&#10;"/>
    <property name="java.specification.name" value="Java Platform API Specification"/>
    <property name="java.vm.specification.vendor" value="Oracle Corporation"/>
    <property name="java.awt.graphicsenv" value="sun.awt.CGraphicsEnvironment"/>
    <property name="surefire.real.class.path" value="/Users/suzanatrajcevska/UVMS-AssetModule-APP/model/target/surefire/surefirebooter1451822416131407576.jar"/>
    <property name="sun.management.compiler" value="HotSpot 64-Bit Tiered Compilers"/>
    <property name="ftp.nonProxyHosts" value="local|*.local|169.254/16|*.169.254/16"/>
    <property name="java.runtime.version" value="11.0.8+10"/>
    <property name="user.name" value="suzanatrajcevska"/>
    <property name="path.separator" value=":"/>
    <property name="os.version" value="10.16"/>
    <property name="java.runtime.name" value="OpenJDK Runtime Environment"/>
    <property name="file.encoding" value="UTF-8"/>
    <property name="java.vm.name" value="OpenJDK 64-Bit Server VM"/>
    <property name="java.vendor.version" value="AdoptOpenJDK"/>
    <property name="localRepository" value="/Users/suzanatrajcevska/.m2/repository"/>
    <property name="java.vendor.url.bug" value="https://github.com/AdoptOpenJDK/openjdk-support/issues"/>
    <property name="java.io.tmpdir" value="/var/folders/t5/n46g86p51x38vlhbfdprjc5r0000gn/T/"/>
    <property name="java.version" value="11.0.8"/>
    <property name="user.dir" value="/Users/suzanatrajcevska/UVMS-AssetModule-APP/model"/>
    <property name="os.arch" value="x86_64"/>
    <property name="java.vm.specification.name" value="Java Virtual Machine Specification"/>
    <property name="java.awt.printerjob" value="sun.lwawt.macosx.CPrinterJob"/>
    <property name="sun.os.patch.level" value="unknown"/>
    <property name="sonar.projectKey" value="lia"/>
    <property name="java.library.path" value="/Users/suzanatrajcevska/Library/Java/Extensions:/Library/Java/Extensions:/Network/Library/Java/Extensions:/System/Library/Java/Extensions:/usr/lib/java:."/>
    <property name="java.vm.info" value="mixed mode"/>
    <property name="java.vendor" value="AdoptOpenJDK"/>
    <property name="java.vm.version" value="11.0.8+10"/>
    <property name="sun.io.unicode.encoding" value="UnicodeBig"/>
    <property name="java.class.version" value="55.0"/>
    <property name="socksNonProxyHosts" value="local|*.local|169.254/16|*.169.254/16"/>
  </properties>
  <testcase name="testCheckConfigurationPollParams" classname="eu.europa.ec.fisheries.uvms.mobileterminal.model.validator.PollDataSourceRequestValidatorTest" time="0.095"/>
  <testcase name="testCheckProgramPollParams" classname="eu.europa.ec.fisheries.uvms.mobileterminal.model.validator.PollDataSourceRequestValidatorTest" time="0.003"/>
  <testcase name="testMobileTerminal" classname="eu.europa.ec.fisheries.uvms.mobileterminal.model.validator.PollDataSourceRequestValidatorTest" time="0.015"/>
  <testcase name="testMobileTerminalConfigurationPoll" classname="eu.europa.ec.fisheries.uvms.mobileterminal.model.validator.PollDataSourceRequestValidatorTest" time="0.063"/>
  <testcase name="testHasUser_EMPTY" classname="eu.europa.ec.fisheries.uvms.mobileterminal.model.validator.PollDataSourceRequestValidatorTest" time="0"/>
  <testcase name="testHasUser_NULL" classname="eu.europa.ec.fisheries.uvms.mobileterminal.model.validator.PollDataSourceRequestValidatorTest" time="0.001"/>
  <testcase name="testHasUser" classname="eu.europa.ec.fisheries.uvms.mobileterminal.model.validator.PollDataSourceRequestValidatorTest" time="0.001"/>
  <testcase name="testCheckSamplingPollParams" classname="eu.europa.ec.fisheries.uvms.mobileterminal.model.validator.PollDataSourceRequestValidatorTest" time="0.003"/>
</testsuite>