<?xml version="1.0" encoding="UTF-8"?>
<testsuite xmlns:xsi="http://www.w3.org/2001/XMLSchema-instance" xsi:noNamespaceSchemaLocation="https://maven.apache.org/surefire/maven-surefire-plugin/xsd/surefire-test-report.xsd" name="eu.europa.ec.fisheries.uvms.mobileterminal.model.mapper.JAXBMarshallerTest" time="1.761" tests="2" errors="0" skipped="0" failures="0">
  <properties>
    <property name="sun.desktop" value="windows"/>
    <property name="awt.toolkit" value="sun.awt.windows.WToolkit"/>
    <property name="java.specification.version" value="11"/>
    <property name="sun.cpu.isalist" value="amd64"/>
    <property name="sonar.login" value="401b49d973d7f4c1fbfc033796549dc76baea9c2"/>
    <property name="sonar.host.url" value="http://localhost"/>
    <property name="sun.jnu.encoding" value="Cp1252"/>
    <property name="java.class.path" value="C:\Users\paist\Documents\LIA\UVMS-AssetModule-APP\model\target\test-classes;C:\Users\paist\Documents\LIA\UVMS-AssetModule-APP\model\target\classes;C:\Users\paist\.m2\repository\jakarta\xml\ws\jakarta.xml.ws-api\2.3.3\jakarta.xml.ws-api-2.3.3.jar;C:\Users\paist\.m2\repository\jakarta\activation\jakarta.activation-api\1.2.2\jakarta.activation-api-1.2.2.jar;C:\Users\paist\.m2\repository\org\apache\commons\commons-lang3\3.12.0\commons-lang3-3.12.0.jar;C:\Users\paist\.m2\repository\junit\junit\4.12\junit-4.12.jar;C:\Users\paist\.m2\repository\org\hamcrest\hamcrest-core\1.3\hamcrest-core-1.3.jar;C:\Users\paist\.m2\repository\org\mockito\mockito-core\3.1.0\mockito-core-3.1.0.jar;C:\Users\paist\.m2\repository\net\bytebuddy\byte-buddy-agent\1.9.10\byte-buddy-agent-1.9.10.jar;C:\Users\paist\.m2\repository\org\objenesis\objenesis\2.6\objenesis-2.6.jar;C:\Users\paist\.m2\repository\org\powermock\powermock-module-junit4\2.0.4\powermock-module-junit4-2.0.4.jar;C:\Users\paist\.m2\repository\org\powermock\powermock-module-junit4-common\2.0.4\powermock-module-junit4-common-2.0.4.jar;C:\Users\paist\.m2\repository\org\powermock\powermock-reflect\2.0.4\powermock-reflect-2.0.4.jar;C:\Users\paist\.m2\repository\org\powermock\powermock-core\2.0.4\powermock-core-2.0.4.jar;C:\Users\paist\.m2\repository\org\javassist\javassist\3.25.0-GA\javassist-3.25.0-GA.jar;C:\Users\paist\.m2\repository\org\powermock\powermock-api-mockito2\2.0.4\powermock-api-mockito2-2.0.4.jar;C:\Users\paist\.m2\repository\org\powermock\powermock-api-support\2.0.4\powermock-api-support-2.0.4.jar;C:\Users\paist\.m2\repository\net\bytebuddy\byte-buddy\1.10.2\byte-buddy-1.10.2.jar;C:\Users\paist\.m2\repository\com\tocea\easycoverage\easyCoverage4J-junit\2.3.1\easyCoverage4J-junit-2.3.1.jar;C:\Users\paist\.m2\repository\com\tocea\easycoverage\easyCoverage4J-framework\2.3.1\easyCoverage4J-framework-2.3.1.jar;C:\Users\paist\.m2\repository\com\tocea\easycoverage\easyCoverage4J-annotations\2.3.1\easyCoverage4J-annotations-2.3.1.jar;C:\Users\paist\.m2\repository\org\databene\contiperf\2.4.4\contiperf-2.4.4.jar;C:\Users\paist\.m2\repository\org\slf4j\slf4j-simple\1.7.30\slf4j-simple-1.7.30.jar;C:\Users\paist\.m2\repository\org\apache\activemq\activemq-client\5.16.3\activemq-client-5.16.3.jar;C:\Users\paist\.m2\repository\org\apache\geronimo\specs\geronimo-jms_1.1_spec\1.1.1\geronimo-jms_1.1_spec-1.1.1.jar;C:\Users\paist\.m2\repository\org\fusesource\hawtbuf\hawtbuf\1.11\hawtbuf-1.11.jar;C:\Users\paist\.m2\repository\org\apache\geronimo\specs\geronimo-j2ee-management_1.1_spec\1.0.1\geronimo-j2ee-management_1.1_spec-1.0.1.jar;C:\Users\paist\.m2\repository\com\sun\xml\ws\jaxws-rt\2.3.3\jaxws-rt-2.3.3.jar;C:\Users\paist\.m2\repository\com\sun\xml\ws\policy\2.7.10\policy-2.7.10.jar;C:\Users\paist\.m2\repository\com\sun\xml\bind\jaxb-impl\2.3.3\jaxb-impl-2.3.3.jar;C:\Users\paist\.m2\repository\org\glassfish\ha\ha-api\3.1.12\ha-api-3.1.12.jar;C:\Users\paist\.m2\repository\org\glassfish\external\management-api\3.2.2\management-api-3.2.2.jar;C:\Users\paist\.m2\repository\org\glassfish\gmbal\gmbal\4.0.1\gmbal-4.0.1.jar;C:\Users\paist\.m2\repository\org\glassfish\pfl\pfl-tf\4.1.0\pfl-tf-4.1.0.jar;C:\Users\paist\.m2\repository\org\glassfish\pfl\pfl-basic\4.1.0\pfl-basic-4.1.0.jar;C:\Users\paist\.m2\repository\org\jvnet\staxex\stax-ex\1.8.3\stax-ex-1.8.3.jar;C:\Users\paist\.m2\repository\com\sun\xml\stream\buffer\streambuffer\1.5.9\streambuffer-1.5.9.jar;C:\Users\paist\.m2\repository\org\jvnet\mimepull\mimepull\1.9.13\mimepull-1.9.13.jar;C:\Users\paist\.m2\repository\com\sun\xml\fastinfoset\FastInfoset\1.2.18\FastInfoset-1.2.18.jar;C:\Users\paist\.m2\repository\com\sun\activation\jakarta.activation\1.2.2\jakarta.activation-1.2.2.jar;C:\Users\paist\.m2\repository\com\sun\xml\messaging\saaj\saaj-impl\1.5.2\saaj-impl-1.5.2.jar;C:\Users\paist\.m2\repository\com\fasterxml\woodstox\woodstox-core\5.1.0\woodstox-core-5.1.0.jar;C:\Users\paist\.m2\repository\org\codehaus\woodstox\stax2-api\4.1\stax2-api-4.1.jar;C:\Users\paist\.m2\repository\jakarta\xml\bind\jakarta.xml.bind-api\2.3.3\jakarta.xml.bind-api-2.3.3.jar;C:\Users\paist\.m2\repository\jakarta\xml\soap\jakarta.xml.soap-api\1.4.2\jakarta.xml.soap-api-1.4.2.jar;C:\Users\paist\.m2\repository\jakarta\jws\jakarta.jws-api\2.1.0\jakarta.jws-api-2.1.0.jar;C:\Users\paist\.m2\repository\jakarta\annotation\jakarta.annotation-api\1.3.5\jakarta.annotation-api-1.3.5.jar;C:\Users\paist\.m2\repository\jakarta\platform\jakarta.jakartaee-api\8.0.0\jakarta.jakartaee-api-8.0.0.jar;C:\Users\paist\.m2\repository\org\slf4j\slf4j-api\1.7.30\slf4j-api-1.7.30.jar;"/>
    <property name="java.vm.vendor" value="AdoptOpenJDK"/>
    <property name="sun.arch.data.model" value="64"/>
    <property name="user.variant" value=""/>
    <property name="java.vendor.url" value="https://adoptopenjdk.net/"/>
    <property name="user.timezone" value="Europe/Berlin"/>
    <property name="java.vm.specification.version" value="11"/>
    <property name="os.name" value="Windows 10"/>
    <property name="sun.java.launcher" value="SUN_STANDARD"/>
    <property name="user.country" value="US"/>
    <property name="sun.boot.library.path" value="C:\Program Files\AdoptOpenJDK\jdk-11.0.8.10-hotspot\bin"/>
    <property name="sun.java.command" value="C:\Users\paist\AppData\Local\Temp\surefire637455837952520032\surefirebooter7128382131316378867.jar C:\Users\paist\AppData\Local\Temp\surefire637455837952520032 2021-09-09T11-00-32_473-jvmRun1 surefire15115342763851885096tmp surefire_06269093055128224891tmp"/>
    <property name="jdk.debug" value="release"/>
    <property name="surefire.test.class.path" value="C:\Users\paist\Documents\LIA\UVMS-AssetModule-APP\model\target\test-classes;C:\Users\paist\Documents\LIA\UVMS-AssetModule-APP\model\target\classes;C:\Users\paist\.m2\repository\jakarta\xml\ws\jakarta.xml.ws-api\2.3.3\jakarta.xml.ws-api-2.3.3.jar;C:\Users\paist\.m2\repository\jakarta\activation\jakarta.activation-api\1.2.2\jakarta.activation-api-1.2.2.jar;C:\Users\paist\.m2\repository\org\apache\commons\commons-lang3\3.12.0\commons-lang3-3.12.0.jar;C:\Users\paist\.m2\repository\junit\junit\4.12\junit-4.12.jar;C:\Users\paist\.m2\repository\org\hamcrest\hamcrest-core\1.3\hamcrest-core-1.3.jar;C:\Users\paist\.m2\repository\org\mockito\mockito-core\3.1.0\mockito-core-3.1.0.jar;C:\Users\paist\.m2\repository\net\bytebuddy\byte-buddy-agent\1.9.10\byte-buddy-agent-1.9.10.jar;C:\Users\paist\.m2\repository\org\objenesis\objenesis\2.6\objenesis-2.6.jar;C:\Users\paist\.m2\repository\org\powermock\powermock-module-junit4\2.0.4\powermock-module-junit4-2.0.4.jar;C:\Users\paist\.m2\repository\org\powermock\powermock-module-junit4-common\2.0.4\powermock-module-junit4-common-2.0.4.jar;C:\Users\paist\.m2\repository\org\powermock\powermock-reflect\2.0.4\powermock-reflect-2.0.4.jar;C:\Users\paist\.m2\repository\org\powermock\powermock-core\2.0.4\powermock-core-2.0.4.jar;C:\Users\paist\.m2\repository\org\javassist\javassist\3.25.0-GA\javassist-3.25.0-GA.jar;C:\Users\paist\.m2\repository\org\powermock\powermock-api-mockito2\2.0.4\powermock-api-mockito2-2.0.4.jar;C:\Users\paist\.m2\repository\org\powermock\powermock-api-support\2.0.4\powermock-api-support-2.0.4.jar;C:\Users\paist\.m2\repository\net\bytebuddy\byte-buddy\1.10.2\byte-buddy-1.10.2.jar;C:\Users\paist\.m2\repository\com\tocea\easycoverage\easyCoverage4J-junit\2.3.1\easyCoverage4J-junit-2.3.1.jar;C:\Users\paist\.m2\repository\com\tocea\easycoverage\easyCoverage4J-framework\2.3.1\easyCoverage4J-framework-2.3.1.jar;C:\Users\paist\.m2\repository\com\tocea\easycoverage\easyCoverage4J-annotations\2.3.1\easyCoverage4J-annotations-2.3.1.jar;C:\Users\paist\.m2\repository\org\databene\contiperf\2.4.4\contiperf-2.4.4.jar;C:\Users\paist\.m2\repository\org\slf4j\slf4j-simple\1.7.30\slf4j-simple-1.7.30.jar;C:\Users\paist\.m2\repository\org\apache\activemq\activemq-client\5.16.3\activemq-client-5.16.3.jar;C:\Users\paist\.m2\repository\org\apache\geronimo\specs\geronimo-jms_1.1_spec\1.1.1\geronimo-jms_1.1_spec-1.1.1.jar;C:\Users\paist\.m2\repository\org\fusesource\hawtbuf\hawtbuf\1.11\hawtbuf-1.11.jar;C:\Users\paist\.m2\repository\org\apache\geronimo\specs\geronimo-j2ee-management_1.1_spec\1.0.1\geronimo-j2ee-management_1.1_spec-1.0.1.jar;C:\Users\paist\.m2\repository\com\sun\xml\ws\jaxws-rt\2.3.3\jaxws-rt-2.3.3.jar;C:\Users\paist\.m2\repository\com\sun\xml\ws\policy\2.7.10\policy-2.7.10.jar;C:\Users\paist\.m2\repository\com\sun\xml\bind\jaxb-impl\2.3.3\jaxb-impl-2.3.3.jar;C:\Users\paist\.m2\repository\org\glassfish\ha\ha-api\3.1.12\ha-api-3.1.12.jar;C:\Users\paist\.m2\repository\org\glassfish\external\management-api\3.2.2\management-api-3.2.2.jar;C:\Users\paist\.m2\repository\org\glassfish\gmbal\gmbal\4.0.1\gmbal-4.0.1.jar;C:\Users\paist\.m2\repository\org\glassfish\pfl\pfl-tf\4.1.0\pfl-tf-4.1.0.jar;C:\Users\paist\.m2\repository\org\glassfish\pfl\pfl-basic\4.1.0\pfl-basic-4.1.0.jar;C:\Users\paist\.m2\repository\org\jvnet\staxex\stax-ex\1.8.3\stax-ex-1.8.3.jar;C:\Users\paist\.m2\repository\com\sun\xml\stream\buffer\streambuffer\1.5.9\streambuffer-1.5.9.jar;C:\Users\paist\.m2\repository\org\jvnet\mimepull\mimepull\1.9.13\mimepull-1.9.13.jar;C:\Users\paist\.m2\repository\com\sun\xml\fastinfoset\FastInfoset\1.2.18\FastInfoset-1.2.18.jar;C:\Users\paist\.m2\repository\com\sun\activation\jakarta.activation\1.2.2\jakarta.activation-1.2.2.jar;C:\Users\paist\.m2\repository\com\sun\xml\messaging\saaj\saaj-impl\1.5.2\saaj-impl-1.5.2.jar;C:\Users\paist\.m2\repository\com\fasterxml\woodstox\woodstox-core\5.1.0\woodstox-core-5.1.0.jar;C:\Users\paist\.m2\repository\org\codehaus\woodstox\stax2-api\4.1\stax2-api-4.1.jar;C:\Users\paist\.m2\repository\jakarta\xml\bind\jakarta.xml.bind-api\2.3.3\jakarta.xml.bind-api-2.3.3.jar;C:\Users\paist\.m2\repository\jakarta\xml\soap\jakarta.xml.soap-api\1.4.2\jakarta.xml.soap-api-1.4.2.jar;C:\Users\paist\.m2\repository\jakarta\jws\jakarta.jws-api\2.1.0\jakarta.jws-api-2.1.0.jar;C:\Users\paist\.m2\repository\jakarta\annotation\jakarta.annotation-api\1.3.5\jakarta.annotation-api-1.3.5.jar;C:\Users\paist\.m2\repository\jakarta\platform\jakarta.jakartaee-api\8.0.0\jakarta.jakartaee-api-8.0.0.jar;C:\Users\paist\.m2\repository\org\slf4j\slf4j-api\1.7.30\slf4j-api-1.7.30.jar;"/>
    <property name="sun.cpu.endian" value="little"/>
    <property name="user.home" value="C:\Users\paist"/>
    <property name="user.language" value="en"/>
    <property name="java.specification.vendor" value="Oracle Corporation"/>
    <property name="java.version.date" value="2020-07-14"/>
    <property name="java.home" value="C:\Program Files\AdoptOpenJDK\jdk-11.0.8.10-hotspot"/>
    <property name="file.separator" value="\"/>
    <property name="basedir" value="C:\Users\paist\Documents\LIA\UVMS-AssetModule-APP\model"/>
    <property name="java.vm.compressedOopsMode" value="Zero based"/>
    <property name="line.separator" value="&#10;"/>
    <property name="java.specification.name" value="Java Platform API Specification"/>
    <property name="java.vm.specification.vendor" value="Oracle Corporation"/>
    <property name="java.awt.graphicsenv" value="sun.awt.Win32GraphicsEnvironment"/>
    <property name="surefire.real.class.path" value="C:\Users\paist\AppData\Local\Temp\surefire637455837952520032\surefirebooter7128382131316378867.jar"/>
    <property name="user.script" value=""/>
    <property name="sun.management.compiler" value="HotSpot 64-Bit Tiered Compilers"/>
    <property name="java.runtime.version" value="11.0.8+10"/>
    <property name="user.name" value="paist"/>
    <property name="path.separator" value=";"/>
    <property name="os.version" value="10.0"/>
    <property name="java.runtime.name" value="OpenJDK Runtime Environment"/>
    <property name="file.encoding" value="Cp1252"/>
    <property name="java.vm.name" value="OpenJDK 64-Bit Server VM"/>
    <property name="java.vendor.version" value="AdoptOpenJDK"/>
    <property name="localRepository" value="C:\Users\paist\.m2\repository"/>
    <property name="java.vendor.url.bug" value="https://github.com/AdoptOpenJDK/openjdk-support/issues"/>
    <property name="java.io.tmpdir" value="C:\Users\paist\AppData\Local\Temp\"/>
    <property name="java.version" value="11.0.8"/>
    <property name="user.dir" value="C:\Users\paist\Documents\LIA\UVMS-AssetModule-APP\model"/>
    <property name="os.arch" value="amd64"/>
    <property name="java.vm.specification.name" value="Java Virtual Machine Specification"/>
    <property name="java.awt.printerjob" value="sun.awt.windows.WPrinterJob"/>
    <property name="sun.os.patch.level" value=""/>
    <property name="sonar.projectKey" value="lia22"/>
    <property name="java.library.path" value="C:\Program Files\AdoptOpenJDK\jdk-11.0.8.10-hotspot\bin;C:\WINDOWS\Sun\Java\bin;C:\WINDOWS\system32;C:\WINDOWS;C:\Program Files\AdoptOpenJDK\jdk-11.0.8.10-hotspot\bin;C:\Program Files (x86)\Intel\Intel(R) Management Engine Components\iCLS\;C:\Program Files\Intel\Intel(R) Management Engine Components\iCLS\;C:\Windows\system32;C:\Windows;C:\Windows\System32\Wbem;C:\Windows\System32\WindowsPowerShell\v1.0\;C:\Windows\System32\OpenSSH\;C:\Program Files (x86)\NVIDIA Corporation\PhysX\Common;C:\WINDOWS\system32;C:\WINDOWS;C:\WINDOWS\System32\Wbem;C:\WINDOWS\System32\WindowsPowerShell\v1.0\;C:\WINDOWS\System32\OpenSSH\;C:\cygwin64\bin;C:\Users\paist\Documents\JAVA\;C:\Program Files\Git\cmd;C:\Program Files\NVIDIA Corporation\NVIDIA NvDLISR;C:\WINDOWS\system32;C:\WINDOWS;C:\WINDOWS\System32\Wbem;C:\WINDOWS\System32\WindowsPowerShell\v1.0\;C:\WINDOWS\System32\OpenSSH\;C:\Program Files\apache-maven-3.6.3\bin;C:\Program Files\nodejs\;C:\Program Files\Azure Data Studio\bin;C:\Program Files\Docker\Docker\resources\bin;C:\ProgramData\DockerDesktop\version-bin;C:\Program Files\MySQL\MySQL Shell 8.0\bin\;C:\Users\paist\AppData\Local\Microsoft\WindowsApps;C:\ProgramFiles\AdoptOpenJDK\jdk-11.0.8.10-hotspot\bin;C:\Users\paist\AppData\Local\Programs\Microsoft VS Code\bin;C:\Users\paist\Documents\JAVA\;C:\Users\paist\AppData\Roaming\npm;C:\Program Files\Azure Data Studio\bin;."/>
    <property name="java.vm.info" value="mixed mode"/>
    <property name="java.vendor" value="AdoptOpenJDK"/>
    <property name="java.vm.version" value="11.0.8+10"/>
    <property name="sun.io.unicode.encoding" value="UnicodeLittle"/>
    <property name="java.class.version" value="55.0"/>
  </properties>
  <testcase name="testUnmarshallTextMessage" classname="eu.europa.ec.fisheries.uvms.mobileterminal.model.mapper.JAXBMarshallerTest" time="1.29"/>
  <testcase name="testMarshallJaxBObjectToString" classname="eu.europa.ec.fisheries.uvms.mobileterminal.model.mapper.JAXBMarshallerTest" time="0.001"/>
</testsuite>