<?xml version="1.0" encoding="UTF-8"?>
<testsuite xmlns:xsi="http://www.w3.org/2001/XMLSchema-instance" xsi:noNamespaceSchemaLocation="https://maven.apache.org/surefire/maven-surefire-plugin/xsd/surefire-test-report.xsd" name="eu.europa.ec.fisheries.uvms.asset.client.AssetClientTest" time="31.48" tests="40" errors="0" skipped="0" failures="0">
  <properties>
    <property name="sun.desktop" value="windows"/>
    <property name="awt.toolkit" value="sun.awt.windows.WToolkit"/>
    <property name="java.specification.version" value="11"/>
    <property name="sun.cpu.isalist" value="amd64"/>
    <property name="sonar.login" value="c2372e74e4588fcf67542acd213fdbd2c083816d"/>
    <property name="sonar.host.url" value="http://localhost"/>
    <property name="sun.jnu.encoding" value="Cp1252"/>
    <property name="java.class.path" value="C:\Users\paist\Documents\LIA\UVMS-AssetModule-APP\client\target\test-classes;C:\Users\paist\Documents\LIA\UVMS-AssetModule-APP\client\target\classes;C:\Users\paist\.m2\repository\eu\europa\ec\fisheries\uvms\commons\uvms-commons-date\4.1.9\uvms-commons-date-4.1.9.jar;C:\Users\paist\.m2\repository\eu\europa\ec\fisheries\uvms\usm4uvms\4.1.9\usm4uvms-4.1.9.jar;C:\Users\paist\.m2\repository\eu\europa\ec\fisheries\uvms\user\user-model\2.2.2\user-model-2.2.2.jar;C:\Users\paist\.m2\repository\eu\europa\ec\mare\usm\jwt-handler-api\2.2.12\jwt-handler-api-2.2.12.jar;C:\Users\paist\.m2\repository\eu\europa\ec\mare\usm\jwt-handler-impl\2.2.12\jwt-handler-impl-2.2.12.jar;C:\Users\paist\.m2\repository\io\jsonwebtoken\jjwt-api\0.11.2\jjwt-api-0.11.2.jar;C:\Users\paist\.m2\repository\io\jsonwebtoken\jjwt-impl\0.11.2\jjwt-impl-0.11.2.jar;C:\Users\paist\.m2\repository\org\jboss\shrinkwrap\shrinkwrap-api\1.2.6\shrinkwrap-api-1.2.6.jar;C:\Users\paist\.m2\repository\org\jboss\shrinkwrap\resolver\shrinkwrap-resolver-impl-maven\2.2.6\shrinkwrap-resolver-impl-maven-2.2.6.jar;C:\Users\paist\.m2\repository\org\jboss\shrinkwrap\resolver\shrinkwrap-resolver-api-maven\2.2.6\shrinkwrap-resolver-api-maven-2.2.6.jar;C:\Users\paist\.m2\repository\org\jboss\shrinkwrap\resolver\shrinkwrap-resolver-api\2.2.6\shrinkwrap-resolver-api-2.2.6.jar;C:\Users\paist\.m2\repository\org\jboss\shrinkwrap\resolver\shrinkwrap-resolver-spi-maven\2.2.6\shrinkwrap-resolver-spi-maven-2.2.6.jar;C:\Users\paist\.m2\repository\org\jboss\shrinkwrap\resolver\shrinkwrap-resolver-spi\2.2.6\shrinkwrap-resolver-spi-2.2.6.jar;C:\Users\paist\.m2\repository\org\eclipse\aether\aether-api\1.0.0.v20140518\aether-api-1.0.0.v20140518.jar;C:\Users\paist\.m2\repository\org\eclipse\aether\aether-impl\1.0.0.v20140518\aether-impl-1.0.0.v20140518.jar;C:\Users\paist\.m2\repository\org\eclipse\aether\aether-spi\1.0.0.v20140518\aether-spi-1.0.0.v20140518.jar;C:\Users\paist\.m2\repository\org\eclipse\aether\aether-util\1.0.0.v20140518\aether-util-1.0.0.v20140518.jar;C:\Users\paist\.m2\repository\org\eclipse\aether\aether-connector-basic\1.0.0.v20140518\aether-connector-basic-1.0.0.v20140518.jar;C:\Users\paist\.m2\repository\org\eclipse\aether\aether-transport-wagon\1.0.0.v20140518\aether-transport-wagon-1.0.0.v20140518.jar;C:\Users\paist\.m2\repository\org\apache\maven\maven-aether-provider\3.2.5\maven-aether-provider-3.2.5.jar;C:\Users\paist\.m2\repository\org\apache\maven\maven-model\3.2.5\maven-model-3.2.5.jar;C:\Users\paist\.m2\repository\org\apache\maven\maven-model-builder\3.2.5\maven-model-builder-3.2.5.jar;C:\Users\paist\.m2\repository\org\codehaus\plexus\plexus-component-annotations\1.5.5\plexus-component-annotations-1.5.5.jar;C:\Users\paist\.m2\repository\org\apache\maven\maven-repository-metadata\3.2.5\maven-repository-metadata-3.2.5.jar;C:\Users\paist\.m2\repository\org\apache\maven\maven-settings\3.2.5\maven-settings-3.2.5.jar;C:\Users\paist\.m2\repository\org\apache\maven\maven-settings-builder\3.2.5\maven-settings-builder-3.2.5.jar;C:\Users\paist\.m2\repository\org\codehaus\plexus\plexus-interpolation\1.21\plexus-interpolation-1.21.jar;C:\Users\paist\.m2\repository\org\codehaus\plexus\plexus-utils\3.0.20\plexus-utils-3.0.20.jar;C:\Users\paist\.m2\repository\org\sonatype\plexus\plexus-sec-dispatcher\1.3\plexus-sec-dispatcher-1.3.jar;C:\Users\paist\.m2\repository\org\sonatype\plexus\plexus-cipher\1.4\plexus-cipher-1.4.jar;C:\Users\paist\.m2\repository\org\apache\maven\wagon\wagon-provider-api\2.6\wagon-provider-api-2.6.jar;C:\Users\paist\.m2\repository\org\apache\maven\wagon\wagon-file\2.6\wagon-file-2.6.jar;C:\Users\paist\.m2\repository\commons-lang\commons-lang\2.6\commons-lang-2.6.jar;C:\Users\paist\.m2\repository\org\apache\maven\wagon\wagon-http-lightweight\2.6\wagon-http-lightweight-2.6.jar;C:\Users\paist\.m2\repository\org\apache\maven\wagon\wagon-http-shared\2.6\wagon-http-shared-2.6.jar;C:\Users\paist\.m2\repository\org\jsoup\jsoup\1.7.2\jsoup-1.7.2.jar;C:\Users\paist\.m2\repository\org\jboss\arquillian\junit\arquillian-junit-container\1.5.0.Final\arquillian-junit-container-1.5.0.Final.jar;C:\Users\paist\.m2\repository\org\jboss\arquillian\junit\arquillian-junit-core\1.5.0.Final\arquillian-junit-core-1.5.0.Final.jar;C:\Users\paist\.m2\repository\org\jboss\arquillian\test\arquillian-test-api\1.5.0.Final\arquillian-test-api-1.5.0.Final.jar;C:\Users\paist\.m2\repository\org\jboss\arquillian\test\arquillian-test-spi\1.5.0.Final\arquillian-test-spi-1.5.0.Final.jar;C:\Users\paist\.m2\repository\org\jboss\arquillian\container\arquillian-container-test-api\1.5.0.Final\arquillian-container-test-api-1.5.0.Final.jar;C:\Users\paist\.m2\repository\org\jboss\arquillian\container\arquillian-container-test-spi\1.5.0.Final\arquillian-container-test-spi-1.5.0.Final.jar;C:\Users\paist\.m2\repository\org\jboss\arquillian\core\arquillian-core-impl-base\1.5.0.Final\arquillian-core-impl-base-1.5.0.Final.jar;C:\Users\paist\.m2\repository\org\jboss\arquillian\test\arquillian-test-impl-base\1.5.0.Final\arquillian-test-impl-base-1.5.0.Final.jar;C:\Users\paist\.m2\repository\org\jboss\arquillian\container\arquillian-container-impl-base\1.5.0.Final\arquillian-container-impl-base-1.5.0.Final.jar;C:\Users\paist\.m2\repository\org\jboss\shrinkwrap\descriptors\shrinkwrap-descriptors-spi\2.0.0\shrinkwrap-descriptors-spi-2.0.0.jar;C:\Users\paist\.m2\repository\org\jboss\arquillian\container\arquillian-container-test-impl-base\1.5.0.Final\arquillian-container-test-impl-base-1.5.0.Final.jar;C:\Users\paist\.m2\repository\org\jboss\shrinkwrap\shrinkwrap-impl-base\1.2.6\shrinkwrap-impl-base-1.2.6.jar;C:\Users\paist\.m2\repository\org\jboss\shrinkwrap\shrinkwrap-spi\1.2.6\shrinkwrap-spi-1.2.6.jar;C:\Users\paist\.m2\repository\org\jboss\arquillian\container\arquillian-container-spi\1.5.0.Final\arquillian-container-spi-1.5.0.Final.jar;C:\Users\paist\.m2\repository\org\jboss\arquillian\core\arquillian-core-spi\1.5.0.Final\arquillian-core-spi-1.5.0.Final.jar;C:\Users\paist\.m2\repository\org\jboss\arquillian\config\arquillian-config-api\1.5.0.Final\arquillian-config-api-1.5.0.Final.jar;C:\Users\paist\.m2\repository\org\jboss\arquillian\config\arquillian-config-impl-base\1.5.0.Final\arquillian-config-impl-base-1.5.0.Final.jar;C:\Users\paist\.m2\repository\org\jboss\arquillian\config\arquillian-config-spi\1.5.0.Final\arquillian-config-spi-1.5.0.Final.jar;C:\Users\paist\.m2\repository\org\jboss\shrinkwrap\descriptors\shrinkwrap-descriptors-api-base\2.0.0\shrinkwrap-descriptors-api-base-2.0.0.jar;C:\Users\paist\.m2\repository\org\jboss\arquillian\core\arquillian-core-api\1.5.0.Final\arquillian-core-api-1.5.0.Final.jar;C:\Users\paist\.m2\repository\org\wildfly\arquillian\wildfly-arquillian-container-remote\2.2.0.Final\wildfly-arquillian-container-remote-2.2.0.Final.jar;C:\Users\paist\.m2\repository\org\wildfly\arquillian\wildfly-arquillian-common\2.2.0.Final\wildfly-arquillian-common-2.2.0.Final.jar;C:\Users\paist\.m2\repository\org\jboss\arquillian\testenricher\arquillian-testenricher-cdi\1.4.0.Final\arquillian-testenricher-cdi-1.4.0.Final.jar;C:\Users\paist\.m2\repository\org\jboss\arquillian\testenricher\arquillian-testenricher-ejb\1.4.0.Final\arquillian-testenricher-ejb-1.4.0.Final.jar;C:\Users\paist\.m2\repository\org\jboss\arquillian\testenricher\arquillian-testenricher-initialcontext\1.4.0.Final\arquillian-testenricher-initialcontext-1.4.0.Final.jar;C:\Users\paist\.m2\repository\org\jboss\arquillian\testenricher\arquillian-testenricher-resource\1.4.0.Final\arquillian-testenricher-resource-1.4.0.Final.jar;C:\Users\paist\.m2\repository\org\jboss\arquillian\protocol\arquillian-protocol-servlet\1.4.0.Final\arquillian-protocol-servlet-1.4.0.Final.jar;C:\Users\paist\.m2\repository\org\wildfly\arquillian\wildfly-arquillian-testenricher-msc\2.2.0.Final\wildfly-arquillian-testenricher-msc-2.2.0.Final.jar;C:\Users\paist\.m2\repository\org\wildfly\core\wildfly-server\8.0.0.Final\wildfly-server-8.0.0.Final.jar;C:\Users\paist\.m2\repository\org\wildfly\core\wildfly-controller\8.0.0.Final\wildfly-controller-8.0.0.Final.jar;C:\Users\paist\.m2\repository\org\wildfly\core\wildfly-core-security\8.0.0.Final\wildfly-core-security-8.0.0.Final.jar;C:\Users\paist\.m2\repository\org\wildfly\core\wildfly-core-security-api\8.0.0.Final\wildfly-core-security-api-8.0.0.Final.jar;C:\Users\paist\.m2\repository\org\jboss\logmanager\jboss-logmanager\2.1.7.Final\jboss-logmanager-2.1.7.Final.jar;C:\Users\paist\.m2\repository\org\jboss\staxmapper\1.3.0.Final\staxmapper-1.3.0.Final.jar;C:\Users\paist\.m2\repository\org\projectodd\vdx\vdx-wildfly\1.1.6\vdx-wildfly-1.1.6.jar;C:\Users\paist\.m2\repository\org\projectodd\vdx\vdx-core\1.1.6\vdx-core-1.1.6.jar;C:\Users\paist\.m2\repository\org\eclipse\jgit\org.eclipse.jgit\5.0.2.201807311906-r\org.eclipse.jgit-5.0.2.201807311906-r.jar;C:\Users\paist\.m2\repository\com\jcraft\jzlib\1.1.1\jzlib-1.1.1.jar;C:\Users\paist\.m2\repository\com\googlecode\javaewah\JavaEWAH\1.1.6\JavaEWAH-1.1.6.jar;C:\Users\paist\.m2\repository\org\wildfly\core\wildfly-core-management-client\8.0.0.Final\wildfly-core-management-client-8.0.0.Final.jar;C:\Users\paist\.m2\repository\org\wildfly\core\wildfly-domain-http-interface\8.0.0.Final\wildfly-domain-http-interface-8.0.0.Final.jar;C:\Users\paist\.m2\repository\org\wildfly\security\elytron-web\undertow-server\1.4.0.Final\undertow-server-1.4.0.Final.jar;C:\Users\paist\.m2\repository\org\wildfly\core\wildfly-deployment-repository\8.0.0.Final\wildfly-deployment-repository-8.0.0.Final.jar;C:\Users\paist\.m2\repository\org\wildfly\core\wildfly-platform-mbean\8.0.0.Final\wildfly-platform-mbean-8.0.0.Final.jar;C:\Users\paist\.m2\repository\org\wildfly\core\wildfly-process-controller\8.0.0.Final\wildfly-process-controller-8.0.0.Final.jar;C:\Users\paist\.m2\repository\org\wildfly\core\wildfly-network\8.0.0.Final\wildfly-network-8.0.0.Final.jar;C:\Users\paist\.m2\repository\org\wildfly\core\wildfly-version\8.0.0.Final\wildfly-version-8.0.0.Final.jar;C:\Users\paist\.m2\repository\org\jboss\jandex\2.0.5.Final\jandex-2.0.5.Final.jar;C:\Users\paist\.m2\repository\org\jboss\classfilewriter\jboss-classfilewriter\1.2.4.Final\jboss-classfilewriter-1.2.4.Final.jar;C:\Users\paist\.m2\repository\org\jboss\invocation\jboss-invocation\1.5.2.Final\jboss-invocation-1.5.2.Final.jar;C:\Users\paist\.m2\repository\org\jboss\modules\jboss-modules\1.9.0.Final\jboss-modules-1.9.0.Final.jar;C:\Users\paist\.m2\repository\org\jboss\remoting\jboss-remoting\5.0.8.Final\jboss-remoting-5.0.8.Final.jar;C:\Users\paist\.m2\repository\org\jboss\stdio\jboss-stdio\1.0.2.GA\jboss-stdio-1.0.2.GA.jar;C:\Users\paist\.m2\repository\org\jboss\jboss-vfs\3.2.14.Final\jboss-vfs-3.2.14.Final.jar;C:\Users\paist\.m2\repository\io\undertow\undertow-core\2.0.19.Final\undertow-core-2.0.19.Final.jar;C:\Users\paist\.m2\repository\com\jcraft\jsch\0.1.54\jsch-0.1.54.jar;C:\Users\paist\.m2\repository\org\wildfly\core\wildfly-controller-client\8.0.0.Final\wildfly-controller-client-8.0.0.Final.jar;C:\Users\paist\.m2\repository\org\wildfly\core\wildfly-protocol\8.0.0.Final\wildfly-protocol-8.0.0.Final.jar;C:\Users\paist\.m2\repository\org\jboss\xnio\xnio-api\3.6.5.Final\xnio-api-3.6.5.Final.jar;C:\Users\paist\.m2\repository\org\jboss\xnio\xnio-nio\3.6.5.Final\xnio-nio-3.6.5.Final.jar;C:\Users\paist\.m2\repository\org\jboss\jboss-dmr\1.5.0.Final\jboss-dmr-1.5.0.Final.jar;C:\Users\paist\.m2\repository\org\jboss\threads\jboss-threads\2.3.3.Final\jboss-threads-2.3.3.Final.jar;C:\Users\paist\.m2\repository\org\wildfly\plugins\wildfly-plugin-core\2.0.0.Final\wildfly-plugin-core-2.0.0.Final.jar;C:\Users\paist\.m2\repository\org\jboss\shrinkwrap\descriptors\shrinkwrap-descriptors-impl-base\2.0.0\shrinkwrap-descriptors-impl-base-2.0.0.jar;C:\Users\paist\.m2\repository\org\wildfly\common\wildfly-common\1.4.0.Final\wildfly-common-1.4.0.Final.jar;C:\Users\paist\.m2\repository\org\wildfly\arquillian\wildfly-arquillian-protocol-jmx\2.2.0.Final\wildfly-arquillian-protocol-jmx-2.2.0.Final.jar;C:\Users\paist\.m2\repository\org\wildfly\security\wildfly-elytron\1.8.0.Final\wildfly-elytron-1.8.0.Final.jar;C:\Users\paist\.m2\repository\org\jboss\arquillian\protocol\arquillian-protocol-jmx\1.4.0.Final\arquillian-protocol-jmx-1.4.0.Final.jar;C:\Users\paist\.m2\repository\org\wildfly\core\wildfly-jmx\8.0.0.Final\wildfly-jmx-8.0.0.Final.jar;C:\Users\paist\.m2\repository\org\jboss\msc\jboss-msc\1.4.5.Final\jboss-msc-1.4.5.Final.jar;C:\Users\paist\.m2\repository\org\jboss\remotingjmx\remoting-jmx\3.0.1.Final\remoting-jmx-3.0.1.Final.jar;C:\Users\paist\.m2\repository\org\wildfly\client\wildfly-client-config\1.0.0.Final\wildfly-client-config-1.0.0.Final.jar;C:\Users\paist\.m2\repository\org\wildfly\core\wildfly-remoting\8.0.0.Final\wildfly-remoting-8.0.0.Final.jar;C:\Users\paist\.m2\repository\org\wildfly\core\wildfly-domain-management\8.0.0.Final\wildfly-domain-management-8.0.0.Final.jar;C:\Users\paist\.m2\repository\org\picketbox\picketbox\5.0.3.Final\picketbox-5.0.3.Final.jar;C:\Users\paist\.m2\repository\org\wildfly\core\wildfly-io\8.0.0.Final\wildfly-io-8.0.0.Final.jar;C:\Users\paist\.m2\repository\org\jboss\marshalling\jboss-marshalling-river\2.0.6.Final\jboss-marshalling-river-2.0.6.Final.jar;C:\Users\paist\.m2\repository\org\jboss\marshalling\jboss-marshalling\2.0.6.Final\jboss-marshalling-2.0.6.Final.jar;C:\Users\paist\.m2\repository\org\jboss\arquillian\extension\arquillian-jacoco\1.0.0.Alpha10\arquillian-jacoco-1.0.0.Alpha10.jar;C:\Users\paist\.m2\repository\org\jacoco\org.jacoco.core\0.8.3\org.jacoco.core-0.8.3.jar;C:\Users\paist\.m2\repository\org\ow2\asm\asm\7.0\asm-7.0.jar;C:\Users\paist\.m2\repository\org\ow2\asm\asm-commons\7.0\asm-commons-7.0.jar;C:\Users\paist\.m2\repository\org\ow2\asm\asm-analysis\7.0\asm-analysis-7.0.jar;C:\Users\paist\.m2\repository\org\ow2\asm\asm-tree\7.0\asm-tree-7.0.jar;C:\Users\paist\.m2\repository\org\eu\ingwar\tools\arquillian-suite-extension\1.2.0\arquillian-suite-extension-1.2.0.jar;C:\Users\paist\.m2\repository\org\jboss\shrinkwrap\resolver\shrinkwrap-resolver-impl-maven-archive\2.2.6\shrinkwrap-resolver-impl-maven-archive-2.2.6.jar;C:\Users\paist\.m2\repository\org\jboss\shrinkwrap\resolver\shrinkwrap-resolver-api-maven-archive\2.2.6\shrinkwrap-resolver-api-maven-archive-2.2.6.jar;C:\Users\paist\.m2\repository\org\jboss\shrinkwrap\resolver\shrinkwrap-resolver-spi-maven-archive\2.2.6\shrinkwrap-resolver-spi-maven-archive-2.2.6.jar;C:\Users\paist\.m2\repository\org\eclipse\sisu\org.eclipse.sisu.plexus\0.3.0.M1\org.eclipse.sisu.plexus-0.3.0.M1.jar;C:\Users\paist\.m2\repository\org\eclipse\sisu\org.eclipse.sisu.inject\0.3.0.M1\org.eclipse.sisu.inject-0.3.0.M1.jar;C:\Users\paist\.m2\repository\org\codehaus\plexus\plexus-compiler-javac\2.3\plexus-compiler-javac-2.3.jar;C:\Users\paist\.m2\repository\org\codehaus\plexus\plexus-compiler-api\2.3\plexus-compiler-api-2.3.jar;C:\Users\paist\.m2\repository\org\reflections\reflections\0.9.11\reflections-0.9.11.jar;C:\Users\paist\.m2\repository\org\javassist\javassist\3.21.0-GA\javassist-3.21.0-GA.jar;C:\Users\paist\.m2\repository\org\jboss\logging\jboss-logging\3.3.1.Final\jboss-logging-3.3.1.Final.jar;C:\Users\paist\.m2\repository\com\google\guava\guava\28.2-jre\guava-28.2-jre.jar;C:\Users\paist\.m2\repository\com\google\guava\failureaccess\1.0.1\failureaccess-1.0.1.jar;C:\Users\paist\.m2\repository\com\google\guava\listenablefuture\9999.0-empty-to-avoid-conflict-with-guava\listenablefuture-9999.0-empty-to-avoid-conflict-with-guava.jar;C:\Users\paist\.m2\repository\com\google\code\findbugs\jsr305\3.0.2\jsr305-3.0.2.jar;C:\Users\paist\.m2\repository\org\checkerframework\checker-qual\2.10.0\checker-qual-2.10.0.jar;C:\Users\paist\.m2\repository\com\google\errorprone\error_prone_annotations\2.3.4\error_prone_annotations-2.3.4.jar;C:\Users\paist\.m2\repository\com\google\j2objc\j2objc-annotations\1.3\j2objc-annotations-1.3.jar;C:\Users\paist\Documents\LIA\UVMS-AssetModule-APP\module\target\asset-module-6.8.13-SNAPSHOT-classes.jar;C:\Users\paist\Documents\LIA\UVMS-AssetModule-APP\model\target\asset-model-6.8.13-SNAPSHOT.jar;C:\Users\paist\.m2\repository\eu\europa\ec\fisheries\uvms\audit\audit-model\4.3.9\audit-model-4.3.9.jar;C:\Users\paist\.m2\repository\eu\europa\ec\fisheries\uvms\uvms-config\4.1.5\uvms-config-4.1.5.jar;C:\Users\paist\.m2\repository\eu\europa\ec\fisheries\uvms\config\config-model\4.3.10\config-model-4.3.10.jar;C:\Users\paist\.m2\repository\eu\europa\ec\fisheries\uvms\commons\uvms-commons-message\4.1.9\uvms-commons-message-4.1.9.jar;C:\Users\paist\.m2\repository\eu\europa\ec\fisheries\uvms\commons\uvms-commons-rest\4.1.9\uvms-commons-rest-4.1.9.jar;C:\Users\paist\.m2\repository\org\jboss\resteasy\resteasy-multipart-provider\3.8.1.Final\resteasy-multipart-provider-3.8.1.Final.jar;C:\Users\paist\.m2\repository\com\sun\mail\javax.mail\1.6.2\javax.mail-1.6.2.jar;C:\Users\paist\.m2\repository\javax\activation\activation\1.1\activation-1.1.jar;C:\Users\paist\.m2\repository\net\bull\javamelody\javamelody-core\1.85.0-UVMS\javamelody-core-1.85.0-UVMS.jar;C:\Users\paist\.m2\repository\org\jrobin\jrobin\1.5.9\jrobin-1.5.9.jar;C:\Users\paist\.m2\repository\org\jboss\resteasy\resteasy-client\4.7.1.Final\resteasy-client-4.7.1.Final.jar;C:\Users\paist\.m2\repository\org\jboss\resteasy\resteasy-client-api\4.7.1.Final\resteasy-client-api-4.7.1.Final.jar;C:\Users\paist\.m2\repository\org\jboss\resteasy\resteasy-core-spi\4.7.1.Final\resteasy-core-spi-4.7.1.Final.jar;C:\Users\paist\.m2\repository\org\jboss\spec\javax\annotation\jboss-annotations-api_1.3_spec\2.0.1.Final\jboss-annotations-api_1.3_spec-2.0.1.Final.jar;C:\Users\paist\.m2\repository\org\jboss\spec\javax\xml\bind\jboss-jaxb-api_2.3_spec\2.0.0.Final\jboss-jaxb-api_2.3_spec-2.0.0.Final.jar;C:\Users\paist\.m2\repository\jakarta\validation\jakarta.validation-api\2.0.2\jakarta.validation-api-2.0.2.jar;C:\Users\paist\.m2\repository\org\jboss\resteasy\resteasy-core\4.7.1.Final\resteasy-core-4.7.1.Final.jar;C:\Users\paist\.m2\repository\jakarta\activation\jakarta.activation-api\1.2.1\jakarta.activation-api-1.2.1.jar;C:\Users\paist\.m2\repository\com\ibm\async\asyncutil\0.1.0\asyncutil-0.1.0.jar;C:\Users\paist\.m2\repository\io\smallrye\config\smallrye-config\2.3.0\smallrye-config-2.3.0.jar;C:\Users\paist\.m2\repository\io\smallrye\config\smallrye-config-core\2.3.0\smallrye-config-core-2.3.0.jar;C:\Users\paist\.m2\repository\org\eclipse\microprofile\config\microprofile-config-api\2.0\microprofile-config-api-2.0.jar;C:\Users\paist\.m2\repository\io\smallrye\common\smallrye-common-annotation\1.6.0\smallrye-common-annotation-1.6.0.jar;C:\Users\paist\.m2\repository\io\smallrye\common\smallrye-common-expression\1.6.0\smallrye-common-expression-1.6.0.jar;C:\Users\paist\.m2\repository\io\smallrye\common\smallrye-common-function\1.6.0\smallrye-common-function-1.6.0.jar;C:\Users\paist\.m2\repository\io\smallrye\common\smallrye-common-constraint\1.6.0\smallrye-common-constraint-1.6.0.jar;C:\Users\paist\.m2\repository\io\smallrye\common\smallrye-common-classloader\1.6.0\smallrye-common-classloader-1.6.0.jar;C:\Users\paist\.m2\repository\io\smallrye\config\smallrye-config-common\2.3.0\smallrye-config-common-2.3.0.jar;C:\Users\paist\.m2\repository\org\apache\httpcomponents\httpclient\4.5.13\httpclient-4.5.13.jar;C:\Users\paist\.m2\repository\org\apache\httpcomponents\httpcore\4.4.13\httpcore-4.4.13.jar;C:\Users\paist\.m2\repository\commons-logging\commons-logging\1.2\commons-logging-1.2.jar;C:\Users\paist\.m2\repository\commons-codec\commons-codec\1.15\commons-codec-1.15.jar;C:\Users\paist\.m2\repository\commons-io\commons-io\2.9.0\commons-io-2.9.0.jar;C:\Users\paist\.m2\repository\org\jboss\spec\javax\ws\rs\jboss-jaxrs-api_2.1_spec\2.0.1.Final\jboss-jaxrs-api_2.1_spec-2.0.1.Final.jar;C:\Users\paist\.m2\repository\org\reactivestreams\reactive-streams\1.0.3\reactive-streams-1.0.3.jar;C:\Users\paist\.m2\repository\eu\europa\ec\fisheries\uvms\exchange\exchange-model\5.3.17-UVMS\exchange-model-5.3.17-UVMS.jar;C:\Users\paist\.m2\repository\org\apache\commons\commons-lang3\3.9\commons-lang3-3.9.jar;C:\Users\paist\.m2\repository\jakarta\platform\jakarta.jakartaee-api\8.0.0\jakarta.jakartaee-api-8.0.0.jar;C:\Users\paist\.m2\repository\org\slf4j\slf4j-api\1.7.30\slf4j-api-1.7.30.jar;C:\Users\paist\.m2\repository\junit\junit\4.12\junit-4.12.jar;C:\Users\paist\.m2\repository\org\hamcrest\hamcrest-core\1.3\hamcrest-core-1.3.jar;C:\Users\paist\.m2\repository\org\mockito\mockito-core\3.1.0\mockito-core-3.1.0.jar;C:\Users\paist\.m2\repository\net\bytebuddy\byte-buddy-agent\1.9.10\byte-buddy-agent-1.9.10.jar;C:\Users\paist\.m2\repository\org\objenesis\objenesis\2.6\objenesis-2.6.jar;C:\Users\paist\.m2\repository\org\powermock\powermock-module-junit4\2.0.4\powermock-module-junit4-2.0.4.jar;C:\Users\paist\.m2\repository\org\powermock\powermock-module-junit4-common\2.0.4\powermock-module-junit4-common-2.0.4.jar;C:\Users\paist\.m2\repository\org\powermock\powermock-reflect\2.0.4\powermock-reflect-2.0.4.jar;C:\Users\paist\.m2\repository\org\powermock\powermock-core\2.0.4\powermock-core-2.0.4.jar;C:\Users\paist\.m2\repository\org\powermock\powermock-api-mockito2\2.0.4\powermock-api-mockito2-2.0.4.jar;C:\Users\paist\.m2\repository\org\powermock\powermock-api-support\2.0.4\powermock-api-support-2.0.4.jar;C:\Users\paist\.m2\repository\net\bytebuddy\byte-buddy\1.10.2\byte-buddy-1.10.2.jar;C:\Users\paist\.m2\repository\com\tocea\easycoverage\easyCoverage4J-junit\2.3.1\easyCoverage4J-junit-2.3.1.jar;C:\Users\paist\.m2\repository\com\tocea\easycoverage\easyCoverage4J-framework\2.3.1\easyCoverage4J-framework-2.3.1.jar;C:\Users\paist\.m2\repository\com\tocea\easycoverage\easyCoverage4J-annotations\2.3.1\easyCoverage4J-annotations-2.3.1.jar;C:\Users\paist\.m2\repository\org\databene\contiperf\2.4.4\contiperf-2.4.4.jar;C:\Users\paist\.m2\repository\org\slf4j\slf4j-simple\1.7.30\slf4j-simple-1.7.30.jar;"/>
    <property name="java.vm.vendor" value="AdoptOpenJDK"/>
    <property name="sun.arch.data.model" value="64"/>
    <property name="user.variant" value=""/>
    <property name="java.vendor.url" value="https://adoptopenjdk.net/"/>
    <property name="user.timezone" value="Europe/Berlin"/>
    <property name="java.vm.specification.version" value="11"/>
    <property name="os.name" value="Windows 10"/>
    <property name="sun.java.launcher" value="SUN_STANDARD"/>
    <property name="user.country" value="US"/>
    <property name="sun.boot.library.path" value="C:\Program Files\AdoptOpenJDK\jdk-11.0.8.10-hotspot\bin"/>
    <property name="sun.java.command" value="C:\Users\paist\AppData\Local\Temp\surefire1791473000060847328\surefirebooter7165626124982947462.jar C:\Users\paist\AppData\Local\Temp\surefire1791473000060847328 2021-09-02T12-57-43_075-jvmRun1 surefire17394091505391851030tmp surefire_22971804004974170799tmp"/>
    <property name="jdk.debug" value="release"/>
    <property name="surefire.test.class.path" value="C:\Users\paist\Documents\LIA\UVMS-AssetModule-APP\client\target\test-classes;C:\Users\paist\Documents\LIA\UVMS-AssetModule-APP\client\target\classes;C:\Users\paist\.m2\repository\eu\europa\ec\fisheries\uvms\commons\uvms-commons-date\4.1.9\uvms-commons-date-4.1.9.jar;C:\Users\paist\.m2\repository\eu\europa\ec\fisheries\uvms\usm4uvms\4.1.9\usm4uvms-4.1.9.jar;C:\Users\paist\.m2\repository\eu\europa\ec\fisheries\uvms\user\user-model\2.2.2\user-model-2.2.2.jar;C:\Users\paist\.m2\repository\eu\europa\ec\mare\usm\jwt-handler-api\2.2.12\jwt-handler-api-2.2.12.jar;C:\Users\paist\.m2\repository\eu\europa\ec\mare\usm\jwt-handler-impl\2.2.12\jwt-handler-impl-2.2.12.jar;C:\Users\paist\.m2\repository\io\jsonwebtoken\jjwt-api\0.11.2\jjwt-api-0.11.2.jar;C:\Users\paist\.m2\repository\io\jsonwebtoken\jjwt-impl\0.11.2\jjwt-impl-0.11.2.jar;C:\Users\paist\.m2\repository\org\jboss\shrinkwrap\shrinkwrap-api\1.2.6\shrinkwrap-api-1.2.6.jar;C:\Users\paist\.m2\repository\org\jboss\shrinkwrap\resolver\shrinkwrap-resolver-impl-maven\2.2.6\shrinkwrap-resolver-impl-maven-2.2.6.jar;C:\Users\paist\.m2\repository\org\jboss\shrinkwrap\resolver\shrinkwrap-resolver-api-maven\2.2.6\shrinkwrap-resolver-api-maven-2.2.6.jar;C:\Users\paist\.m2\repository\org\jboss\shrinkwrap\resolver\shrinkwrap-resolver-api\2.2.6\shrinkwrap-resolver-api-2.2.6.jar;C:\Users\paist\.m2\repository\org\jboss\shrinkwrap\resolver\shrinkwrap-resolver-spi-maven\2.2.6\shrinkwrap-resolver-spi-maven-2.2.6.jar;C:\Users\paist\.m2\repository\org\jboss\shrinkwrap\resolver\shrinkwrap-resolver-spi\2.2.6\shrinkwrap-resolver-spi-2.2.6.jar;C:\Users\paist\.m2\repository\org\eclipse\aether\aether-api\1.0.0.v20140518\aether-api-1.0.0.v20140518.jar;C:\Users\paist\.m2\repository\org\eclipse\aether\aether-impl\1.0.0.v20140518\aether-impl-1.0.0.v20140518.jar;C:\Users\paist\.m2\repository\org\eclipse\aether\aether-spi\1.0.0.v20140518\aether-spi-1.0.0.v20140518.jar;C:\Users\paist\.m2\repository\org\eclipse\aether\aether-util\1.0.0.v20140518\aether-util-1.0.0.v20140518.jar;C:\Users\paist\.m2\repository\org\eclipse\aether\aether-connector-basic\1.0.0.v20140518\aether-connector-basic-1.0.0.v20140518.jar;C:\Users\paist\.m2\repository\org\eclipse\aether\aether-transport-wagon\1.0.0.v20140518\aether-transport-wagon-1.0.0.v20140518.jar;C:\Users\paist\.m2\repository\org\apache\maven\maven-aether-provider\3.2.5\maven-aether-provider-3.2.5.jar;C:\Users\paist\.m2\repository\org\apache\maven\maven-model\3.2.5\maven-model-3.2.5.jar;C:\Users\paist\.m2\repository\org\apache\maven\maven-model-builder\3.2.5\maven-model-builder-3.2.5.jar;C:\Users\paist\.m2\repository\org\codehaus\plexus\plexus-component-annotations\1.5.5\plexus-component-annotations-1.5.5.jar;C:\Users\paist\.m2\repository\org\apache\maven\maven-repository-metadata\3.2.5\maven-repository-metadata-3.2.5.jar;C:\Users\paist\.m2\repository\org\apache\maven\maven-settings\3.2.5\maven-settings-3.2.5.jar;C:\Users\paist\.m2\repository\org\apache\maven\maven-settings-builder\3.2.5\maven-settings-builder-3.2.5.jar;C:\Users\paist\.m2\repository\org\codehaus\plexus\plexus-interpolation\1.21\plexus-interpolation-1.21.jar;C:\Users\paist\.m2\repository\org\codehaus\plexus\plexus-utils\3.0.20\plexus-utils-3.0.20.jar;C:\Users\paist\.m2\repository\org\sonatype\plexus\plexus-sec-dispatcher\1.3\plexus-sec-dispatcher-1.3.jar;C:\Users\paist\.m2\repository\org\sonatype\plexus\plexus-cipher\1.4\plexus-cipher-1.4.jar;C:\Users\paist\.m2\repository\org\apache\maven\wagon\wagon-provider-api\2.6\wagon-provider-api-2.6.jar;C:\Users\paist\.m2\repository\org\apache\maven\wagon\wagon-file\2.6\wagon-file-2.6.jar;C:\Users\paist\.m2\repository\commons-lang\commons-lang\2.6\commons-lang-2.6.jar;C:\Users\paist\.m2\repository\org\apache\maven\wagon\wagon-http-lightweight\2.6\wagon-http-lightweight-2.6.jar;C:\Users\paist\.m2\repository\org\apache\maven\wagon\wagon-http-shared\2.6\wagon-http-shared-2.6.jar;C:\Users\paist\.m2\repository\org\jsoup\jsoup\1.7.2\jsoup-1.7.2.jar;C:\Users\paist\.m2\repository\org\jboss\arquillian\junit\arquillian-junit-container\1.5.0.Final\arquillian-junit-container-1.5.0.Final.jar;C:\Users\paist\.m2\repository\org\jboss\arquillian\junit\arquillian-junit-core\1.5.0.Final\arquillian-junit-core-1.5.0.Final.jar;C:\Users\paist\.m2\repository\org\jboss\arquillian\test\arquillian-test-api\1.5.0.Final\arquillian-test-api-1.5.0.Final.jar;C:\Users\paist\.m2\repository\org\jboss\arquillian\test\arquillian-test-spi\1.5.0.Final\arquillian-test-spi-1.5.0.Final.jar;C:\Users\paist\.m2\repository\org\jboss\arquillian\container\arquillian-container-test-api\1.5.0.Final\arquillian-container-test-api-1.5.0.Final.jar;C:\Users\paist\.m2\repository\org\jboss\arquillian\container\arquillian-container-test-spi\1.5.0.Final\arquillian-container-test-spi-1.5.0.Final.jar;C:\Users\paist\.m2\repository\org\jboss\arquillian\core\arquillian-core-impl-base\1.5.0.Final\arquillian-core-impl-base-1.5.0.Final.jar;C:\Users\paist\.m2\repository\org\jboss\arquillian\test\arquillian-test-impl-base\1.5.0.Final\arquillian-test-impl-base-1.5.0.Final.jar;C:\Users\paist\.m2\repository\org\jboss\arquillian\container\arquillian-container-impl-base\1.5.0.Final\arquillian-container-impl-base-1.5.0.Final.jar;C:\Users\paist\.m2\repository\org\jboss\shrinkwrap\descriptors\shrinkwrap-descriptors-spi\2.0.0\shrinkwrap-descriptors-spi-2.0.0.jar;C:\Users\paist\.m2\repository\org\jboss\arquillian\container\arquillian-container-test-impl-base\1.5.0.Final\arquillian-container-test-impl-base-1.5.0.Final.jar;C:\Users\paist\.m2\repository\org\jboss\shrinkwrap\shrinkwrap-impl-base\1.2.6\shrinkwrap-impl-base-1.2.6.jar;C:\Users\paist\.m2\repository\org\jboss\shrinkwrap\shrinkwrap-spi\1.2.6\shrinkwrap-spi-1.2.6.jar;C:\Users\paist\.m2\repository\org\jboss\arquillian\container\arquillian-container-spi\1.5.0.Final\arquillian-container-spi-1.5.0.Final.jar;C:\Users\paist\.m2\repository\org\jboss\arquillian\core\arquillian-core-spi\1.5.0.Final\arquillian-core-spi-1.5.0.Final.jar;C:\Users\paist\.m2\repository\org\jboss\arquillian\config\arquillian-config-api\1.5.0.Final\arquillian-config-api-1.5.0.Final.jar;C:\Users\paist\.m2\repository\org\jboss\arquillian\config\arquillian-config-impl-base\1.5.0.Final\arquillian-config-impl-base-1.5.0.Final.jar;C:\Users\paist\.m2\repository\org\jboss\arquillian\config\arquillian-config-spi\1.5.0.Final\arquillian-config-spi-1.5.0.Final.jar;C:\Users\paist\.m2\repository\org\jboss\shrinkwrap\descriptors\shrinkwrap-descriptors-api-base\2.0.0\shrinkwrap-descriptors-api-base-2.0.0.jar;C:\Users\paist\.m2\repository\org\jboss\arquillian\core\arquillian-core-api\1.5.0.Final\arquillian-core-api-1.5.0.Final.jar;C:\Users\paist\.m2\repository\org\wildfly\arquillian\wildfly-arquillian-container-remote\2.2.0.Final\wildfly-arquillian-container-remote-2.2.0.Final.jar;C:\Users\paist\.m2\repository\org\wildfly\arquillian\wildfly-arquillian-common\2.2.0.Final\wildfly-arquillian-common-2.2.0.Final.jar;C:\Users\paist\.m2\repository\org\jboss\arquillian\testenricher\arquillian-testenricher-cdi\1.4.0.Final\arquillian-testenricher-cdi-1.4.0.Final.jar;C:\Users\paist\.m2\repository\org\jboss\arquillian\testenricher\arquillian-testenricher-ejb\1.4.0.Final\arquillian-testenricher-ejb-1.4.0.Final.jar;C:\Users\paist\.m2\repository\org\jboss\arquillian\testenricher\arquillian-testenricher-initialcontext\1.4.0.Final\arquillian-testenricher-initialcontext-1.4.0.Final.jar;C:\Users\paist\.m2\repository\org\jboss\arquillian\testenricher\arquillian-testenricher-resource\1.4.0.Final\arquillian-testenricher-resource-1.4.0.Final.jar;C:\Users\paist\.m2\repository\org\jboss\arquillian\protocol\arquillian-protocol-servlet\1.4.0.Final\arquillian-protocol-servlet-1.4.0.Final.jar;C:\Users\paist\.m2\repository\org\wildfly\arquillian\wildfly-arquillian-testenricher-msc\2.2.0.Final\wildfly-arquillian-testenricher-msc-2.2.0.Final.jar;C:\Users\paist\.m2\repository\org\wildfly\core\wildfly-server\8.0.0.Final\wildfly-server-8.0.0.Final.jar;C:\Users\paist\.m2\repository\org\wildfly\core\wildfly-controller\8.0.0.Final\wildfly-controller-8.0.0.Final.jar;C:\Users\paist\.m2\repository\org\wildfly\core\wildfly-core-security\8.0.0.Final\wildfly-core-security-8.0.0.Final.jar;C:\Users\paist\.m2\repository\org\wildfly\core\wildfly-core-security-api\8.0.0.Final\wildfly-core-security-api-8.0.0.Final.jar;C:\Users\paist\.m2\repository\org\jboss\logmanager\jboss-logmanager\2.1.7.Final\jboss-logmanager-2.1.7.Final.jar;C:\Users\paist\.m2\repository\org\jboss\staxmapper\1.3.0.Final\staxmapper-1.3.0.Final.jar;C:\Users\paist\.m2\repository\org\projectodd\vdx\vdx-wildfly\1.1.6\vdx-wildfly-1.1.6.jar;C:\Users\paist\.m2\repository\org\projectodd\vdx\vdx-core\1.1.6\vdx-core-1.1.6.jar;C:\Users\paist\.m2\repository\org\eclipse\jgit\org.eclipse.jgit\5.0.2.201807311906-r\org.eclipse.jgit-5.0.2.201807311906-r.jar;C:\Users\paist\.m2\repository\com\jcraft\jzlib\1.1.1\jzlib-1.1.1.jar;C:\Users\paist\.m2\repository\com\googlecode\javaewah\JavaEWAH\1.1.6\JavaEWAH-1.1.6.jar;C:\Users\paist\.m2\repository\org\wildfly\core\wildfly-core-management-client\8.0.0.Final\wildfly-core-management-client-8.0.0.Final.jar;C:\Users\paist\.m2\repository\org\wildfly\core\wildfly-domain-http-interface\8.0.0.Final\wildfly-domain-http-interface-8.0.0.Final.jar;C:\Users\paist\.m2\repository\org\wildfly\security\elytron-web\undertow-server\1.4.0.Final\undertow-server-1.4.0.Final.jar;C:\Users\paist\.m2\repository\org\wildfly\core\wildfly-deployment-repository\8.0.0.Final\wildfly-deployment-repository-8.0.0.Final.jar;C:\Users\paist\.m2\repository\org\wildfly\core\wildfly-platform-mbean\8.0.0.Final\wildfly-platform-mbean-8.0.0.Final.jar;C:\Users\paist\.m2\repository\org\wildfly\core\wildfly-process-controller\8.0.0.Final\wildfly-process-controller-8.0.0.Final.jar;C:\Users\paist\.m2\repository\org\wildfly\core\wildfly-network\8.0.0.Final\wildfly-network-8.0.0.Final.jar;C:\Users\paist\.m2\repository\org\wildfly\core\wildfly-version\8.0.0.Final\wildfly-version-8.0.0.Final.jar;C:\Users\paist\.m2\repository\org\jboss\jandex\2.0.5.Final\jandex-2.0.5.Final.jar;C:\Users\paist\.m2\repository\org\jboss\classfilewriter\jboss-classfilewriter\1.2.4.Final\jboss-classfilewriter-1.2.4.Final.jar;C:\Users\paist\.m2\repository\org\jboss\invocation\jboss-invocation\1.5.2.Final\jboss-invocation-1.5.2.Final.jar;C:\Users\paist\.m2\repository\org\jboss\modules\jboss-modules\1.9.0.Final\jboss-modules-1.9.0.Final.jar;C:\Users\paist\.m2\repository\org\jboss\remoting\jboss-remoting\5.0.8.Final\jboss-remoting-5.0.8.Final.jar;C:\Users\paist\.m2\repository\org\jboss\stdio\jboss-stdio\1.0.2.GA\jboss-stdio-1.0.2.GA.jar;C:\Users\paist\.m2\repository\org\jboss\jboss-vfs\3.2.14.Final\jboss-vfs-3.2.14.Final.jar;C:\Users\paist\.m2\repository\io\undertow\undertow-core\2.0.19.Final\undertow-core-2.0.19.Final.jar;C:\Users\paist\.m2\repository\com\jcraft\jsch\0.1.54\jsch-0.1.54.jar;C:\Users\paist\.m2\repository\org\wildfly\core\wildfly-controller-client\8.0.0.Final\wildfly-controller-client-8.0.0.Final.jar;C:\Users\paist\.m2\repository\org\wildfly\core\wildfly-protocol\8.0.0.Final\wildfly-protocol-8.0.0.Final.jar;C:\Users\paist\.m2\repository\org\jboss\xnio\xnio-api\3.6.5.Final\xnio-api-3.6.5.Final.jar;C:\Users\paist\.m2\repository\org\jboss\xnio\xnio-nio\3.6.5.Final\xnio-nio-3.6.5.Final.jar;C:\Users\paist\.m2\repository\org\jboss\jboss-dmr\1.5.0.Final\jboss-dmr-1.5.0.Final.jar;C:\Users\paist\.m2\repository\org\jboss\threads\jboss-threads\2.3.3.Final\jboss-threads-2.3.3.Final.jar;C:\Users\paist\.m2\repository\org\wildfly\plugins\wildfly-plugin-core\2.0.0.Final\wildfly-plugin-core-2.0.0.Final.jar;C:\Users\paist\.m2\repository\org\jboss\shrinkwrap\descriptors\shrinkwrap-descriptors-impl-base\2.0.0\shrinkwrap-descriptors-impl-base-2.0.0.jar;C:\Users\paist\.m2\repository\org\wildfly\common\wildfly-common\1.4.0.Final\wildfly-common-1.4.0.Final.jar;C:\Users\paist\.m2\repository\org\wildfly\arquillian\wildfly-arquillian-protocol-jmx\2.2.0.Final\wildfly-arquillian-protocol-jmx-2.2.0.Final.jar;C:\Users\paist\.m2\repository\org\wildfly\security\wildfly-elytron\1.8.0.Final\wildfly-elytron-1.8.0.Final.jar;C:\Users\paist\.m2\repository\org\jboss\arquillian\protocol\arquillian-protocol-jmx\1.4.0.Final\arquillian-protocol-jmx-1.4.0.Final.jar;C:\Users\paist\.m2\repository\org\wildfly\core\wildfly-jmx\8.0.0.Final\wildfly-jmx-8.0.0.Final.jar;C:\Users\paist\.m2\repository\org\jboss\msc\jboss-msc\1.4.5.Final\jboss-msc-1.4.5.Final.jar;C:\Users\paist\.m2\repository\org\jboss\remotingjmx\remoting-jmx\3.0.1.Final\remoting-jmx-3.0.1.Final.jar;C:\Users\paist\.m2\repository\org\wildfly\client\wildfly-client-config\1.0.0.Final\wildfly-client-config-1.0.0.Final.jar;C:\Users\paist\.m2\repository\org\wildfly\core\wildfly-remoting\8.0.0.Final\wildfly-remoting-8.0.0.Final.jar;C:\Users\paist\.m2\repository\org\wildfly\core\wildfly-domain-management\8.0.0.Final\wildfly-domain-management-8.0.0.Final.jar;C:\Users\paist\.m2\repository\org\picketbox\picketbox\5.0.3.Final\picketbox-5.0.3.Final.jar;C:\Users\paist\.m2\repository\org\wildfly\core\wildfly-io\8.0.0.Final\wildfly-io-8.0.0.Final.jar;C:\Users\paist\.m2\repository\org\jboss\marshalling\jboss-marshalling-river\2.0.6.Final\jboss-marshalling-river-2.0.6.Final.jar;C:\Users\paist\.m2\repository\org\jboss\marshalling\jboss-marshalling\2.0.6.Final\jboss-marshalling-2.0.6.Final.jar;C:\Users\paist\.m2\repository\org\jboss\arquillian\extension\arquillian-jacoco\1.0.0.Alpha10\arquillian-jacoco-1.0.0.Alpha10.jar;C:\Users\paist\.m2\repository\org\jacoco\org.jacoco.core\0.8.3\org.jacoco.core-0.8.3.jar;C:\Users\paist\.m2\repository\org\ow2\asm\asm\7.0\asm-7.0.jar;C:\Users\paist\.m2\repository\org\ow2\asm\asm-commons\7.0\asm-commons-7.0.jar;C:\Users\paist\.m2\repository\org\ow2\asm\asm-analysis\7.0\asm-analysis-7.0.jar;C:\Users\paist\.m2\repository\org\ow2\asm\asm-tree\7.0\asm-tree-7.0.jar;C:\Users\paist\.m2\repository\org\eu\ingwar\tools\arquillian-suite-extension\1.2.0\arquillian-suite-extension-1.2.0.jar;C:\Users\paist\.m2\repository\org\jboss\shrinkwrap\resolver\shrinkwrap-resolver-impl-maven-archive\2.2.6\shrinkwrap-resolver-impl-maven-archive-2.2.6.jar;C:\Users\paist\.m2\repository\org\jboss\shrinkwrap\resolver\shrinkwrap-resolver-api-maven-archive\2.2.6\shrinkwrap-resolver-api-maven-archive-2.2.6.jar;C:\Users\paist\.m2\repository\org\jboss\shrinkwrap\resolver\shrinkwrap-resolver-spi-maven-archive\2.2.6\shrinkwrap-resolver-spi-maven-archive-2.2.6.jar;C:\Users\paist\.m2\repository\org\eclipse\sisu\org.eclipse.sisu.plexus\0.3.0.M1\org.eclipse.sisu.plexus-0.3.0.M1.jar;C:\Users\paist\.m2\repository\org\eclipse\sisu\org.eclipse.sisu.inject\0.3.0.M1\org.eclipse.sisu.inject-0.3.0.M1.jar;C:\Users\paist\.m2\repository\org\codehaus\plexus\plexus-compiler-javac\2.3\plexus-compiler-javac-2.3.jar;C:\Users\paist\.m2\repository\org\codehaus\plexus\plexus-compiler-api\2.3\plexus-compiler-api-2.3.jar;C:\Users\paist\.m2\repository\org\reflections\reflections\0.9.11\reflections-0.9.11.jar;C:\Users\paist\.m2\repository\org\javassist\javassist\3.21.0-GA\javassist-3.21.0-GA.jar;C:\Users\paist\.m2\repository\org\jboss\logging\jboss-logging\3.3.1.Final\jboss-logging-3.3.1.Final.jar;C:\Users\paist\.m2\repository\com\google\guava\guava\28.2-jre\guava-28.2-jre.jar;C:\Users\paist\.m2\repository\com\google\guava\failureaccess\1.0.1\failureaccess-1.0.1.jar;C:\Users\paist\.m2\repository\com\google\guava\listenablefuture\9999.0-empty-to-avoid-conflict-with-guava\listenablefuture-9999.0-empty-to-avoid-conflict-with-guava.jar;C:\Users\paist\.m2\repository\com\google\code\findbugs\jsr305\3.0.2\jsr305-3.0.2.jar;C:\Users\paist\.m2\repository\org\checkerframework\checker-qual\2.10.0\checker-qual-2.10.0.jar;C:\Users\paist\.m2\repository\com\google\errorprone\error_prone_annotations\2.3.4\error_prone_annotations-2.3.4.jar;C:\Users\paist\.m2\repository\com\google\j2objc\j2objc-annotations\1.3\j2objc-annotations-1.3.jar;C:\Users\paist\Documents\LIA\UVMS-AssetModule-APP\module\target\asset-module-6.8.13-SNAPSHOT-classes.jar;C:\Users\paist\Documents\LIA\UVMS-AssetModule-APP\model\target\asset-model-6.8.13-SNAPSHOT.jar;C:\Users\paist\.m2\repository\eu\europa\ec\fisheries\uvms\audit\audit-model\4.3.9\audit-model-4.3.9.jar;C:\Users\paist\.m2\repository\eu\europa\ec\fisheries\uvms\uvms-config\4.1.5\uvms-config-4.1.5.jar;C:\Users\paist\.m2\repository\eu\europa\ec\fisheries\uvms\config\config-model\4.3.10\config-model-4.3.10.jar;C:\Users\paist\.m2\repository\eu\europa\ec\fisheries\uvms\commons\uvms-commons-message\4.1.9\uvms-commons-message-4.1.9.jar;C:\Users\paist\.m2\repository\eu\europa\ec\fisheries\uvms\commons\uvms-commons-rest\4.1.9\uvms-commons-rest-4.1.9.jar;C:\Users\paist\.m2\repository\org\jboss\resteasy\resteasy-multipart-provider\3.8.1.Final\resteasy-multipart-provider-3.8.1.Final.jar;C:\Users\paist\.m2\repository\com\sun\mail\javax.mail\1.6.2\javax.mail-1.6.2.jar;C:\Users\paist\.m2\repository\javax\activation\activation\1.1\activation-1.1.jar;C:\Users\paist\.m2\repository\net\bull\javamelody\javamelody-core\1.85.0-UVMS\javamelody-core-1.85.0-UVMS.jar;C:\Users\paist\.m2\repository\org\jrobin\jrobin\1.5.9\jrobin-1.5.9.jar;C:\Users\paist\.m2\repository\org\jboss\resteasy\resteasy-client\4.7.1.Final\resteasy-client-4.7.1.Final.jar;C:\Users\paist\.m2\repository\org\jboss\resteasy\resteasy-client-api\4.7.1.Final\resteasy-client-api-4.7.1.Final.jar;C:\Users\paist\.m2\repository\org\jboss\resteasy\resteasy-core-spi\4.7.1.Final\resteasy-core-spi-4.7.1.Final.jar;C:\Users\paist\.m2\repository\org\jboss\spec\javax\annotation\jboss-annotations-api_1.3_spec\2.0.1.Final\jboss-annotations-api_1.3_spec-2.0.1.Final.jar;C:\Users\paist\.m2\repository\org\jboss\spec\javax\xml\bind\jboss-jaxb-api_2.3_spec\2.0.0.Final\jboss-jaxb-api_2.3_spec-2.0.0.Final.jar;C:\Users\paist\.m2\repository\jakarta\validation\jakarta.validation-api\2.0.2\jakarta.validation-api-2.0.2.jar;C:\Users\paist\.m2\repository\org\jboss\resteasy\resteasy-core\4.7.1.Final\resteasy-core-4.7.1.Final.jar;C:\Users\paist\.m2\repository\jakarta\activation\jakarta.activation-api\1.2.1\jakarta.activation-api-1.2.1.jar;C:\Users\paist\.m2\repository\com\ibm\async\asyncutil\0.1.0\asyncutil-0.1.0.jar;C:\Users\paist\.m2\repository\io\smallrye\config\smallrye-config\2.3.0\smallrye-config-2.3.0.jar;C:\Users\paist\.m2\repository\io\smallrye\config\smallrye-config-core\2.3.0\smallrye-config-core-2.3.0.jar;C:\Users\paist\.m2\repository\org\eclipse\microprofile\config\microprofile-config-api\2.0\microprofile-config-api-2.0.jar;C:\Users\paist\.m2\repository\io\smallrye\common\smallrye-common-annotation\1.6.0\smallrye-common-annotation-1.6.0.jar;C:\Users\paist\.m2\repository\io\smallrye\common\smallrye-common-expression\1.6.0\smallrye-common-expression-1.6.0.jar;C:\Users\paist\.m2\repository\io\smallrye\common\smallrye-common-function\1.6.0\smallrye-common-function-1.6.0.jar;C:\Users\paist\.m2\repository\io\smallrye\common\smallrye-common-constraint\1.6.0\smallrye-common-constraint-1.6.0.jar;C:\Users\paist\.m2\repository\io\smallrye\common\smallrye-common-classloader\1.6.0\smallrye-common-classloader-1.6.0.jar;C:\Users\paist\.m2\repository\io\smallrye\config\smallrye-config-common\2.3.0\smallrye-config-common-2.3.0.jar;C:\Users\paist\.m2\repository\org\apache\httpcomponents\httpclient\4.5.13\httpclient-4.5.13.jar;C:\Users\paist\.m2\repository\org\apache\httpcomponents\httpcore\4.4.13\httpcore-4.4.13.jar;C:\Users\paist\.m2\repository\commons-logging\commons-logging\1.2\commons-logging-1.2.jar;C:\Users\paist\.m2\repository\commons-codec\commons-codec\1.15\commons-codec-1.15.jar;C:\Users\paist\.m2\repository\commons-io\commons-io\2.9.0\commons-io-2.9.0.jar;C:\Users\paist\.m2\repository\org\jboss\spec\javax\ws\rs\jboss-jaxrs-api_2.1_spec\2.0.1.Final\jboss-jaxrs-api_2.1_spec-2.0.1.Final.jar;C:\Users\paist\.m2\repository\org\reactivestreams\reactive-streams\1.0.3\reactive-streams-1.0.3.jar;C:\Users\paist\.m2\repository\eu\europa\ec\fisheries\uvms\exchange\exchange-model\5.3.17-UVMS\exchange-model-5.3.17-UVMS.jar;C:\Users\paist\.m2\repository\org\apache\commons\commons-lang3\3.9\commons-lang3-3.9.jar;C:\Users\paist\.m2\repository\jakarta\platform\jakarta.jakartaee-api\8.0.0\jakarta.jakartaee-api-8.0.0.jar;C:\Users\paist\.m2\repository\org\slf4j\slf4j-api\1.7.30\slf4j-api-1.7.30.jar;C:\Users\paist\.m2\repository\junit\junit\4.12\junit-4.12.jar;C:\Users\paist\.m2\repository\org\hamcrest\hamcrest-core\1.3\hamcrest-core-1.3.jar;C:\Users\paist\.m2\repository\org\mockito\mockito-core\3.1.0\mockito-core-3.1.0.jar;C:\Users\paist\.m2\repository\net\bytebuddy\byte-buddy-agent\1.9.10\byte-buddy-agent-1.9.10.jar;C:\Users\paist\.m2\repository\org\objenesis\objenesis\2.6\objenesis-2.6.jar;C:\Users\paist\.m2\repository\org\powermock\powermock-module-junit4\2.0.4\powermock-module-junit4-2.0.4.jar;C:\Users\paist\.m2\repository\org\powermock\powermock-module-junit4-common\2.0.4\powermock-module-junit4-common-2.0.4.jar;C:\Users\paist\.m2\repository\org\powermock\powermock-reflect\2.0.4\powermock-reflect-2.0.4.jar;C:\Users\paist\.m2\repository\org\powermock\powermock-core\2.0.4\powermock-core-2.0.4.jar;C:\Users\paist\.m2\repository\org\powermock\powermock-api-mockito2\2.0.4\powermock-api-mockito2-2.0.4.jar;C:\Users\paist\.m2\repository\org\powermock\powermock-api-support\2.0.4\powermock-api-support-2.0.4.jar;C:\Users\paist\.m2\repository\net\bytebuddy\byte-buddy\1.10.2\byte-buddy-1.10.2.jar;C:\Users\paist\.m2\repository\com\tocea\easycoverage\easyCoverage4J-junit\2.3.1\easyCoverage4J-junit-2.3.1.jar;C:\Users\paist\.m2\repository\com\tocea\easycoverage\easyCoverage4J-framework\2.3.1\easyCoverage4J-framework-2.3.1.jar;C:\Users\paist\.m2\repository\com\tocea\easycoverage\easyCoverage4J-annotations\2.3.1\easyCoverage4J-annotations-2.3.1.jar;C:\Users\paist\.m2\repository\org\databene\contiperf\2.4.4\contiperf-2.4.4.jar;C:\Users\paist\.m2\repository\org\slf4j\slf4j-simple\1.7.30\slf4j-simple-1.7.30.jar;"/>
    <property name="sun.cpu.endian" value="little"/>
    <property name="user.home" value="C:\Users\paist"/>
    <property name="user.language" value="en"/>
    <property name="java.specification.vendor" value="Oracle Corporation"/>
    <property name="java.version.date" value="2020-07-14"/>
    <property name="java.home" value="C:\Program Files\AdoptOpenJDK\jdk-11.0.8.10-hotspot"/>
    <property name="file.separator" value="\"/>
    <property name="basedir" value="C:\Users\paist\Documents\LIA\UVMS-AssetModule-APP\client"/>
    <property name="java.vm.compressedOopsMode" value="Zero based"/>
    <property name="line.separator" value="&#10;"/>
    <property name="java.specification.name" value="Java Platform API Specification"/>
    <property name="java.vm.specification.vendor" value="Oracle Corporation"/>
    <property name="java.awt.graphicsenv" value="sun.awt.Win32GraphicsEnvironment"/>
    <property name="surefire.real.class.path" value="C:\Users\paist\AppData\Local\Temp\surefire1791473000060847328\surefirebooter7165626124982947462.jar"/>
    <property name="user.script" value=""/>
    <property name="sun.management.compiler" value="HotSpot 64-Bit Tiered Compilers"/>
    <property name="java.runtime.version" value="11.0.8+10"/>
    <property name="user.name" value="paist"/>
    <property name="path.separator" value=";"/>
    <property name="os.version" value="10.0"/>
    <property name="java.runtime.name" value="OpenJDK Runtime Environment"/>
    <property name="file.encoding" value="Cp1252"/>
    <property name="java.vm.name" value="OpenJDK 64-Bit Server VM"/>
    <property name="java.vendor.version" value="AdoptOpenJDK"/>
    <property name="localRepository" value="C:\Users\paist\.m2\repository"/>
    <property name="java.vendor.url.bug" value="https://github.com/AdoptOpenJDK/openjdk-support/issues"/>
    <property name="java.io.tmpdir" value="C:\Users\paist\AppData\Local\Temp\"/>
    <property name="java.version" value="11.0.8"/>
    <property name="user.dir" value="C:\Users\paist\Documents\LIA\UVMS-AssetModule-APP\client"/>
    <property name="os.arch" value="amd64"/>
    <property name="java.vm.specification.name" value="Java Virtual Machine Specification"/>
    <property name="java.awt.printerjob" value="sun.awt.windows.WPrinterJob"/>
    <property name="sun.os.patch.level" value=""/>
    <property name="sonar.projectKey" value="Asset5"/>
    <property name="java.library.path" value="C:\Program Files\AdoptOpenJDK\jdk-11.0.8.10-hotspot\bin;C:\WINDOWS\Sun\Java\bin;C:\WINDOWS\system32;C:\WINDOWS;C:\Program Files\AdoptOpenJDK\jdk-11.0.8.10-hotspot\bin;C:\Program Files (x86)\Intel\Intel(R) Management Engine Components\iCLS\;C:\Program Files\Intel\Intel(R) Management Engine Components\iCLS\;C:\Windows\system32;C:\Windows;C:\Windows\System32\Wbem;C:\Windows\System32\WindowsPowerShell\v1.0\;C:\Windows\System32\OpenSSH\;C:\Program Files (x86)\NVIDIA Corporation\PhysX\Common;C:\WINDOWS\system32;C:\WINDOWS;C:\WINDOWS\System32\Wbem;C:\WINDOWS\System32\WindowsPowerShell\v1.0\;C:\WINDOWS\System32\OpenSSH\;C:\cygwin64\bin;C:\Users\paist\Documents\JAVA\;C:\Program Files\Git\cmd;C:\Program Files\NVIDIA Corporation\NVIDIA NvDLISR;C:\WINDOWS\system32;C:\WINDOWS;C:\WINDOWS\System32\Wbem;C:\WINDOWS\System32\WindowsPowerShell\v1.0\;C:\WINDOWS\System32\OpenSSH\;C:\Program Files\apache-maven-3.6.3\bin;C:\Program Files\nodejs\;C:\Program Files\Azure Data Studio\bin;C:\Program Files\Docker\Docker\resources\bin;C:\ProgramData\DockerDesktop\version-bin;C:\Program Files\MySQL\MySQL Shell 8.0\bin\;C:\Users\paist\AppData\Local\Microsoft\WindowsApps;C:\ProgramFiles\AdoptOpenJDK\jdk-11.0.8.10-hotspot\bin;C:\Users\paist\AppData\Local\Programs\Microsoft VS Code\bin;C:\Users\paist\Documents\JAVA\;C:\Users\paist\AppData\Roaming\npm;C:\Program Files\Azure Data Studio\bin;."/>
    <property name="java.vm.info" value="mixed mode"/>
    <property name="java.vendor" value="AdoptOpenJDK"/>
    <property name="java.vm.version" value="11.0.8+10"/>
    <property name="sun.io.unicode.encoding" value="UnicodeLittle"/>
    <property name="java.class.version" value="55.0"/>
  </properties>
  <testcase name="createNewAssetOnUnknown" classname="eu.europa.ec.fisheries.uvms.asset.client.AssetClientTest" time="0.798"/>
  <testcase name="getMicroAssetInformationEmptyInputList" classname="eu.europa.ec.fisheries.uvms.asset.client.AssetClientTest" time="0.049"/>
  <testcase name="collectAssetMTTest" classname="eu.europa.ec.fisheries.uvms.asset.client.AssetClientTest" time="0.073"/>
  <testcase name="upsertAssetJMSTest" classname="eu.europa.ec.fisheries.uvms.asset.client.AssetClientTest" time="5.113"/>
  <testcase name="collectAssetMtTest" classname="eu.europa.ec.fisheries.uvms.asset.client.AssetClientTest" time="0.127"/>
  <testcase name="getMtAtDateRandomId" classname="eu.europa.ec.fisheries.uvms.asset.client.AssetClientTest" time="0.051"/>
  <testcase name="getAssetsAtCurrentDateWithTwoRevisionsTest" classname="eu.europa.ec.fisheries.uvms.asset.client.AssetClientTest" time="0.204"/>
  <testcase name="getAssetHistoryListByAssetIdTest" classname="eu.europa.ec.fisheries.uvms.asset.client.AssetClientTest" time="0.4"/>
  <testcase name="createNewAssetOnUnknownWithVeryLongIRCS" classname="eu.europa.ec.fisheries.uvms.asset.client.AssetClientTest" time="0.061"/>
  <testcase name="queryAssetsTest" classname="eu.europa.ec.fisheries.uvms.asset.client.AssetClientTest" time="0.818"/>
  <testcase name="getAssetByGuidTest" classname="eu.europa.ec.fisheries.uvms.asset.client.AssetClientTest" time="0.154"/>
  <testcase name="isCodeValidTest" classname="eu.europa.ec.fisheries.uvms.asset.client.AssetClientTest" time="0.105"/>
  <testcase name="upsertAssetTest" classname="eu.europa.ec.fisheries.uvms.asset.client.AssetClientTest" time="0.142"/>
  <testcase name="getAssetIdByQuery" classname="eu.europa.ec.fisheries.uvms.asset.client.AssetClientTest" time="0.157"/>
  <testcase name="getCodeForDateTest" classname="eu.europa.ec.fisheries.uvms.asset.client.AssetClientTest" time="0.087"/>
  <testcase name="customCodesReplaceTest" classname="eu.europa.ec.fisheries.uvms.asset.client.AssetClientTest" time="0.283"/>
  <testcase name="isCodeValidNegativeTest" classname="eu.europa.ec.fisheries.uvms.asset.client.AssetClientTest" time="0.109"/>
  <testcase name="pingTest" classname="eu.europa.ec.fisheries.uvms.asset.client.AssetClientTest" time="0.052"/>
  <testcase name="pollsInfo" classname="eu.europa.ec.fisheries.uvms.asset.client.AssetClientTest" time="0.059"/>
  <testcase name="getMicroAssetInformation" classname="eu.europa.ec.fisheries.uvms.asset.client.AssetClientTest" time="4.061"/>
  <testcase name="getAssetHistoryByDateQuery" classname="eu.europa.ec.fisheries.uvms.asset.client.AssetClientTest" time="0.228"/>
  <testcase name="getAssetsAtDateTest" classname="eu.europa.ec.fisheries.uvms.asset.client.AssetClientTest" time="0.127"/>
  <testcase name="getCodeForDateNegativeTest" classname="eu.europa.ec.fisheries.uvms.asset.client.AssetClientTest" time="0.067"/>
  <testcase name="getNonExistantAssetTest" classname="eu.europa.ec.fisheries.uvms.asset.client.AssetClientTest" time="0.044"/>
  <testcase name="getConstantsTest" classname="eu.europa.ec.fisheries.uvms.asset.client.AssetClientTest" time="0.069"/>
  <testcase name="getAssetsAtDateWithTwoRevisionsTest" classname="eu.europa.ec.fisheries.uvms.asset.client.AssetClientTest" time="0.191"/>
  <testcase name="getAssetsAtPastDateTest" classname="eu.europa.ec.fisheries.uvms.asset.client.AssetClientTest" time="0.12"/>
  <testcase name="pollsForAssetInTheLastDay" classname="eu.europa.ec.fisheries.uvms.asset.client.AssetClientTest" time="0.133"/>
  <testcase name="createNewAssetOnUnknownUseNameAndFSFromRequest" classname="eu.europa.ec.fisheries.uvms.asset.client.AssetClientTest" time="0.078"/>
  <testcase name="createNewAssetWoMmsiFromFlux" classname="eu.europa.ec.fisheries.uvms.asset.client.AssetClientTest" time="0.068"/>
  <testcase name="mmsiLongerThen9CharactersTest" classname="eu.europa.ec.fisheries.uvms.asset.client.AssetClientTest" time="0.073"/>
  <testcase name="getCodesForConstantsTest" classname="eu.europa.ec.fisheries.uvms.asset.client.AssetClientTest" time="0.26"/>
  <testcase name="getAssetHistoryByAssetHistGuidTest" classname="eu.europa.ec.fisheries.uvms.asset.client.AssetClientTest" time="0.212"/>
  <testcase name="getAssetFromAssetIdAndDateTest" classname="eu.europa.ec.fisheries.uvms.asset.client.AssetClientTest" time="0.208"/>
  <testcase name="upsertAssertTwiceShouldNotCreateNewHistory" classname="eu.europa.ec.fisheries.uvms.asset.client.AssetClientTest" time="0.171"/>
  <testcase name="getMobileTerminalsTest" classname="eu.europa.ec.fisheries.uvms.asset.client.AssetClientTest" time="1.133"/>
  <testcase name="upsertAssertUpdateNameShouldCreateHistory" classname="eu.europa.ec.fisheries.uvms.asset.client.AssetClientTest" time="0.166"/>
  <testcase name="getVmsBillingTest" classname="eu.europa.ec.fisheries.uvms.asset.client.AssetClientTest" time="0.06"/>
  <testcase name="getMobileTerminalAtDateWithMemberNumberAndDnidTest" classname="eu.europa.ec.fisheries.uvms.asset.client.AssetClientTest" time="0.058"/>
  <testcase name="getAssetsAtPastDateWithTwoRevisionsTest" classname="eu.europa.ec.fisheries.uvms.asset.client.AssetClientTest" time="0.19"/>
</testsuite>